<?xml version="1.0" encoding="UTF-8"?>
<testng-results skipped="0" failed="1" total="266" passed="265">
  <reporter-output>
  </reporter-output>
  <suite name="Default suite" duration-ms="8299" started-at="2020-01-06T12:28:38Z" finished-at="2020-01-06T12:28:47Z">
    <groups>
    </groups>
    <test name="Default test" duration-ms="8299" started-at="2020-01-06T12:28:38Z" finished-at="2020-01-06T12:28:47Z">
      <class name="org.openrefine.wikidata.qa.scrutinizers.QuantityScrutinizerTest">
        <test-method status="PASS" signature="setUp()[pri:0, instance:org.openrefine.wikidata.qa.scrutinizers.QuantityScrutinizerTest@7c6908d7]" name="setUp" is-config="true" duration-ms="12" started-at="2020-01-06T13:28:38Z" finished-at="2020-01-06T13:28:38Z">
          <reporter-output>
          </reporter-output>
        </test-method> <!-- setUp -->
        <test-method status="PASS" signature="testBoundsAllowed()[pri:0, instance:org.openrefine.wikidata.qa.scrutinizers.QuantityScrutinizerTest@7c6908d7]" name="testBoundsAllowed" duration-ms="16" started-at="2020-01-06T13:28:38Z" finished-at="2020-01-06T13:28:38Z">
          <reporter-output>
          </reporter-output>
        </test-method> <!-- testBoundsAllowed -->
        <test-method status="PASS" signature="setUp()[pri:0, instance:org.openrefine.wikidata.qa.scrutinizers.QuantityScrutinizerTest@7c6908d7]" name="setUp" is-config="true" duration-ms="5" started-at="2020-01-06T13:28:38Z" finished-at="2020-01-06T13:28:38Z">
          <reporter-output>
          </reporter-output>
        </test-method> <!-- setUp -->
        <test-method status="PASS" signature="testBoundsDisallowed()[pri:0, instance:org.openrefine.wikidata.qa.scrutinizers.QuantityScrutinizerTest@7c6908d7]" name="testBoundsDisallowed" duration-ms="4" started-at="2020-01-06T13:28:38Z" finished-at="2020-01-06T13:28:38Z">
          <reporter-output>
          </reporter-output>
        </test-method> <!-- testBoundsDisallowed -->
        <test-method status="PASS" signature="setUp()[pri:0, instance:org.openrefine.wikidata.qa.scrutinizers.QuantityScrutinizerTest@7c6908d7]" name="setUp" is-config="true" duration-ms="1" started-at="2020-01-06T13:28:38Z" finished-at="2020-01-06T13:28:38Z">
          <reporter-output>
          </reporter-output>
        </test-method> <!-- setUp -->
        <test-method status="PASS" signature="testFractionalAllowed()[pri:0, instance:org.openrefine.wikidata.qa.scrutinizers.QuantityScrutinizerTest@7c6908d7]" name="testFractionalAllowed" duration-ms="2" started-at="2020-01-06T13:28:38Z" finished-at="2020-01-06T13:28:38Z">
          <reporter-output>
          </reporter-output>
        </test-method> <!-- testFractionalAllowed -->
        <test-method status="PASS" signature="setUp()[pri:0, instance:org.openrefine.wikidata.qa.scrutinizers.QuantityScrutinizerTest@7c6908d7]" name="setUp" is-config="true" duration-ms="0" started-at="2020-01-06T13:28:38Z" finished-at="2020-01-06T13:28:38Z">
          <reporter-output>
          </reporter-output>
        </test-method> <!-- setUp -->
        <test-method status="PASS" signature="testFractionalDisallowed()[pri:0, instance:org.openrefine.wikidata.qa.scrutinizers.QuantityScrutinizerTest@7c6908d7]" name="testFractionalDisallowed" duration-ms="3" started-at="2020-01-06T13:28:38Z" finished-at="2020-01-06T13:28:38Z">
          <reporter-output>
          </reporter-output>
        </test-method> <!-- testFractionalDisallowed -->
        <test-method status="PASS" signature="setUp()[pri:0, instance:org.openrefine.wikidata.qa.scrutinizers.QuantityScrutinizerTest@7c6908d7]" name="setUp" is-config="true" duration-ms="0" started-at="2020-01-06T13:28:38Z" finished-at="2020-01-06T13:28:38Z">
          <reporter-output>
          </reporter-output>
        </test-method> <!-- setUp -->
        <test-method status="PASS" signature="testGoodUnit()[pri:0, instance:org.openrefine.wikidata.qa.scrutinizers.QuantityScrutinizerTest@7c6908d7]" name="testGoodUnit" duration-ms="2" started-at="2020-01-06T13:28:38Z" finished-at="2020-01-06T13:28:38Z">
          <reporter-output>
          </reporter-output>
        </test-method> <!-- testGoodUnit -->
        <test-method status="PASS" signature="setUp()[pri:0, instance:org.openrefine.wikidata.qa.scrutinizers.QuantityScrutinizerTest@7c6908d7]" name="setUp" is-config="true" duration-ms="0" started-at="2020-01-06T13:28:38Z" finished-at="2020-01-06T13:28:38Z">
          <reporter-output>
          </reporter-output>
        </test-method> <!-- setUp -->
        <test-method status="PASS" signature="testInteger()[pri:0, instance:org.openrefine.wikidata.qa.scrutinizers.QuantityScrutinizerTest@7c6908d7]" name="testInteger" duration-ms="2" started-at="2020-01-06T13:28:38Z" finished-at="2020-01-06T13:28:38Z">
          <reporter-output>
          </reporter-output>
        </test-method> <!-- testInteger -->
        <test-method status="PASS" signature="setUp()[pri:0, instance:org.openrefine.wikidata.qa.scrutinizers.QuantityScrutinizerTest@7c6908d7]" name="setUp" is-config="true" duration-ms="1" started-at="2020-01-06T13:28:38Z" finished-at="2020-01-06T13:28:38Z">
          <reporter-output>
          </reporter-output>
        </test-method> <!-- setUp -->
        <test-method status="PASS" signature="testNoUnit()[pri:0, instance:org.openrefine.wikidata.qa.scrutinizers.QuantityScrutinizerTest@7c6908d7]" name="testNoUnit" duration-ms="1" started-at="2020-01-06T13:28:38Z" finished-at="2020-01-06T13:28:38Z">
          <reporter-output>
          </reporter-output>
        </test-method> <!-- testNoUnit -->
        <test-method status="PASS" signature="testTrailingZeros()[pri:0, instance:org.openrefine.wikidata.qa.scrutinizers.QuantityScrutinizerTest@7c6908d7]" name="testTrailingZeros" duration-ms="1" started-at="2020-01-06T13:28:38Z" finished-at="2020-01-06T13:28:38Z">
          <reporter-output>
          </reporter-output>
        </test-method> <!-- testTrailingZeros -->
        <test-method status="PASS" signature="setUp()[pri:0, instance:org.openrefine.wikidata.qa.scrutinizers.QuantityScrutinizerTest@7c6908d7]" name="setUp" is-config="true" duration-ms="0" started-at="2020-01-06T13:28:38Z" finished-at="2020-01-06T13:28:38Z">
          <reporter-output>
          </reporter-output>
        </test-method> <!-- setUp -->
        <test-method status="PASS" signature="setUp()[pri:0, instance:org.openrefine.wikidata.qa.scrutinizers.QuantityScrutinizerTest@7c6908d7]" name="setUp" is-config="true" duration-ms="1" started-at="2020-01-06T13:28:38Z" finished-at="2020-01-06T13:28:38Z">
          <reporter-output>
          </reporter-output>
        </test-method> <!-- setUp -->
        <test-method status="PASS" signature="testUnitForbidden()[pri:0, instance:org.openrefine.wikidata.qa.scrutinizers.QuantityScrutinizerTest@7c6908d7]" name="testUnitForbidden" duration-ms="1" started-at="2020-01-06T13:28:38Z" finished-at="2020-01-06T13:28:38Z">
          <reporter-output>
          </reporter-output>
        </test-method> <!-- testUnitForbidden -->
        <test-method status="PASS" signature="setUp()[pri:0, instance:org.openrefine.wikidata.qa.scrutinizers.QuantityScrutinizerTest@7c6908d7]" name="setUp" is-config="true" duration-ms="1" started-at="2020-01-06T13:28:38Z" finished-at="2020-01-06T13:28:38Z">
          <reporter-output>
          </reporter-output>
        </test-method> <!-- setUp -->
        <test-method status="PASS" signature="testUnitReqired()[pri:0, instance:org.openrefine.wikidata.qa.scrutinizers.QuantityScrutinizerTest@7c6908d7]" name="testUnitReqired" duration-ms="2" started-at="2020-01-06T13:28:38Z" finished-at="2020-01-06T13:28:38Z">
          <reporter-output>
          </reporter-output>
        </test-method> <!-- testUnitReqired -->
        <test-method status="PASS" signature="setUp()[pri:0, instance:org.openrefine.wikidata.qa.scrutinizers.QuantityScrutinizerTest@7c6908d7]" name="setUp" is-config="true" duration-ms="1" started-at="2020-01-06T13:28:38Z" finished-at="2020-01-06T13:28:38Z">
          <reporter-output>
          </reporter-output>
        </test-method> <!-- setUp -->
        <test-method status="PASS" signature="testWrongUnit()[pri:0, instance:org.openrefine.wikidata.qa.scrutinizers.QuantityScrutinizerTest@7c6908d7]" name="testWrongUnit" duration-ms="3" started-at="2020-01-06T13:28:38Z" finished-at="2020-01-06T13:28:38Z">
          <reporter-output>
          </reporter-output>
        </test-method> <!-- testWrongUnit -->
      </class> <!-- org.openrefine.wikidata.qa.scrutinizers.QuantityScrutinizerTest -->
      <class name="org.openrefine.wikidata.qa.scrutinizers.DistinctValuesScrutinizerTest">
        <test-method status="PASS" signature="testTrigger()[pri:0, instance:org.openrefine.wikidata.qa.scrutinizers.DistinctValuesScrutinizerTest@3c9754d8]" name="testTrigger" duration-ms="2" started-at="2020-01-06T13:28:41Z" finished-at="2020-01-06T13:28:41Z">
          <reporter-output>
          </reporter-output>
        </test-method> <!-- testTrigger -->
        <test-method status="PASS" signature="setUp()[pri:0, instance:org.openrefine.wikidata.qa.scrutinizers.DistinctValuesScrutinizerTest@3c9754d8]" name="setUp" is-config="true" duration-ms="0" started-at="2020-01-06T13:28:41Z" finished-at="2020-01-06T13:28:41Z">
          <reporter-output>
          </reporter-output>
        </test-method> <!-- setUp -->
      </class> <!-- org.openrefine.wikidata.qa.scrutinizers.DistinctValuesScrutinizerTest -->
      <class name="org.openrefine.wikidata.qa.WikidataConstraintFetcherTests">
        <test-method status="PASS" signature="testAllowedQualifiers()[pri:0, instance:org.openrefine.wikidata.qa.WikidataConstraintFetcherTests@3bf7ca37]" name="testAllowedQualifiers" duration-ms="388" started-at="2020-01-06T13:28:38Z" finished-at="2020-01-06T13:28:39Z">
          <reporter-output>
          </reporter-output>
        </test-method> <!-- testAllowedQualifiers -->
        <test-method status="PASS" signature="testDistinctValues()[pri:0, instance:org.openrefine.wikidata.qa.WikidataConstraintFetcherTests@3bf7ca37]" name="testDistinctValues" duration-ms="52" started-at="2020-01-06T13:28:39Z" finished-at="2020-01-06T13:28:39Z">
          <reporter-output>
          </reporter-output>
        </test-method> <!-- testDistinctValues -->
        <test-method status="PASS" signature="testGetFormatConstraint()[pri:0, instance:org.openrefine.wikidata.qa.WikidataConstraintFetcherTests@3bf7ca37]" name="testGetFormatConstraint" duration-ms="46" started-at="2020-01-06T13:28:39Z" finished-at="2020-01-06T13:28:39Z">
          <reporter-output>
          </reporter-output>
        </test-method> <!-- testGetFormatConstraint -->
        <test-method status="PASS" signature="testGetInverseConstraint()[pri:0, instance:org.openrefine.wikidata.qa.WikidataConstraintFetcherTests@3bf7ca37]" name="testGetInverseConstraint" duration-ms="24" started-at="2020-01-06T13:28:39Z" finished-at="2020-01-06T13:28:39Z">
          <reporter-output>
          </reporter-output>
        </test-method> <!-- testGetInverseConstraint -->
        <test-method status="PASS" signature="testMandatoryQualifiers()[pri:0, instance:org.openrefine.wikidata.qa.WikidataConstraintFetcherTests@3bf7ca37]" name="testMandatoryQualifiers" duration-ms="36" started-at="2020-01-06T13:28:39Z" finished-at="2020-01-06T13:28:39Z">
          <reporter-output>
          </reporter-output>
        </test-method> <!-- testMandatoryQualifiers -->
        <test-method status="PASS" signature="testSingleValue()[pri:0, instance:org.openrefine.wikidata.qa.WikidataConstraintFetcherTests@3bf7ca37]" name="testSingleValue" duration-ms="21" started-at="2020-01-06T13:28:39Z" finished-at="2020-01-06T13:28:39Z">
          <reporter-output>
          </reporter-output>
        </test-method> <!-- testSingleValue -->
      </class> <!-- org.openrefine.wikidata.qa.WikidataConstraintFetcherTests -->
      <class name="org.openrefine.wikidata.qa.scrutinizers.UnsourcedScrutinizerTest">
        <test-method status="PASS" signature="setUp()[pri:0, instance:org.openrefine.wikidata.qa.scrutinizers.UnsourcedScrutinizerTest@79079097]" name="setUp" is-config="true" duration-ms="0" started-at="2020-01-06T13:28:39Z" finished-at="2020-01-06T13:28:39Z">
          <reporter-output>
          </reporter-output>
        </test-method> <!-- setUp -->
        <test-method status="PASS" signature="testTrigger()[pri:0, instance:org.openrefine.wikidata.qa.scrutinizers.UnsourcedScrutinizerTest@79079097]" name="testTrigger" duration-ms="2" started-at="2020-01-06T13:28:39Z" finished-at="2020-01-06T13:28:39Z">
          <reporter-output>
          </reporter-output>
        </test-method> <!-- testTrigger -->
      </class> <!-- org.openrefine.wikidata.qa.scrutinizers.UnsourcedScrutinizerTest -->
      <class name="org.openrefine.wikidata.schema.WbStatementExprTest">
        <test-method status="PASS" signature="initServlet()[pri:0, instance:org.openrefine.wikidata.schema.WbStatementExprTest@4d1c00d0]" name="initServlet" is-config="true" duration-ms="1" started-at="2020-01-06T13:28:41Z" finished-at="2020-01-06T13:28:41Z">
          <reporter-output>
          </reporter-output>
        </test-method> <!-- initServlet -->
        <test-method status="PASS" signature="createProject()[pri:0, instance:org.openrefine.wikidata.schema.WbStatementExprTest@4d1c00d0]" name="createProject" is-config="true" duration-ms="5" started-at="2020-01-06T13:28:41Z" finished-at="2020-01-06T13:28:41Z">
          <reporter-output>
          </reporter-output>
        </test-method> <!-- createProject -->
        <test-method status="PASS" signature="testCreation()[pri:0, instance:org.openrefine.wikidata.schema.WbStatementExprTest@4d1c00d0]" name="testCreation" duration-ms="2" started-at="2020-01-06T13:28:41Z" finished-at="2020-01-06T13:28:41Z">
          <reporter-output>
          </reporter-output>
        </test-method> <!-- testCreation -->
        <test-method status="PASS" signature="initServlet()[pri:0, instance:org.openrefine.wikidata.schema.WbStatementExprTest@4d1c00d0]" name="initServlet" is-config="true" duration-ms="1" started-at="2020-01-06T13:28:41Z" finished-at="2020-01-06T13:28:41Z">
          <reporter-output>
          </reporter-output>
        </test-method> <!-- initServlet -->
        <test-method status="PASS" signature="createProject()[pri:0, instance:org.openrefine.wikidata.schema.WbStatementExprTest@4d1c00d0]" name="createProject" is-config="true" duration-ms="9" started-at="2020-01-06T13:28:41Z" finished-at="2020-01-06T13:28:41Z">
          <reporter-output>
          </reporter-output>
        </test-method> <!-- createProject -->
        <test-method status="PASS" signature="testEvaluate()[pri:0, instance:org.openrefine.wikidata.schema.WbStatementExprTest@4d1c00d0]" name="testEvaluate" duration-ms="11" started-at="2020-01-06T13:28:41Z" finished-at="2020-01-06T13:28:41Z">
          <reporter-output>
          </reporter-output>
        </test-method> <!-- testEvaluate -->
        <test-method status="PASS" signature="initServlet()[pri:0, instance:org.openrefine.wikidata.schema.WbStatementExprTest@4d1c00d0]" name="initServlet" is-config="true" duration-ms="1" started-at="2020-01-06T13:28:41Z" finished-at="2020-01-06T13:28:41Z">
          <reporter-output>
          </reporter-output>
        </test-method> <!-- initServlet -->
        <test-method status="PASS" signature="createProject()[pri:0, instance:org.openrefine.wikidata.schema.WbStatementExprTest@4d1c00d0]" name="createProject" is-config="true" duration-ms="4" started-at="2020-01-06T13:28:41Z" finished-at="2020-01-06T13:28:41Z">
          <reporter-output>
          </reporter-output>
        </test-method> <!-- createProject -->
        <test-method status="PASS" signature="testEvaluateWithConstant()[pri:0, instance:org.openrefine.wikidata.schema.WbStatementExprTest@4d1c00d0]" name="testEvaluateWithConstant" duration-ms="3" started-at="2020-01-06T13:28:41Z" finished-at="2020-01-06T13:28:41Z">
          <reporter-output>
          </reporter-output>
        </test-method> <!-- testEvaluateWithConstant -->
        <test-method status="PASS" signature="initServlet()[pri:0, instance:org.openrefine.wikidata.schema.WbStatementExprTest@4d1c00d0]" name="initServlet" is-config="true" duration-ms="1" started-at="2020-01-06T13:28:41Z" finished-at="2020-01-06T13:28:41Z">
          <reporter-output>
          </reporter-output>
        </test-method> <!-- initServlet -->
        <test-method status="PASS" signature="createProject()[pri:0, instance:org.openrefine.wikidata.schema.WbStatementExprTest@4d1c00d0]" name="createProject" is-config="true" duration-ms="4" started-at="2020-01-06T13:28:41Z" finished-at="2020-01-06T13:28:41Z">
          <reporter-output>
          </reporter-output>
        </test-method> <!-- createProject -->
        <test-method status="PASS" signature="testEvaluateWithoutQualifier()[pri:0, instance:org.openrefine.wikidata.schema.WbStatementExprTest@4d1c00d0]" name="testEvaluateWithoutQualifier" duration-ms="2" started-at="2020-01-06T13:28:41Z" finished-at="2020-01-06T13:28:41Z">
          <reporter-output>
          </reporter-output>
        </test-method> <!-- testEvaluateWithoutQualifier -->
        <test-method status="PASS" signature="initServlet()[pri:0, instance:org.openrefine.wikidata.schema.WbStatementExprTest@4d1c00d0]" name="initServlet" is-config="true" duration-ms="2" started-at="2020-01-06T13:28:41Z" finished-at="2020-01-06T13:28:41Z">
          <reporter-output>
          </reporter-output>
        </test-method> <!-- initServlet -->
        <test-method status="PASS" signature="createProject()[pri:0, instance:org.openrefine.wikidata.schema.WbStatementExprTest@4d1c00d0]" name="createProject" is-config="true" duration-ms="4" started-at="2020-01-06T13:28:41Z" finished-at="2020-01-06T13:28:41Z">
          <reporter-output>
          </reporter-output>
        </test-method> <!-- createProject -->
        <test-method status="PASS" signature="testEvaluateWithoutQualifierAndReference()[pri:0, instance:org.openrefine.wikidata.schema.WbStatementExprTest@4d1c00d0]" name="testEvaluateWithoutQualifierAndReference" duration-ms="3" started-at="2020-01-06T13:28:41Z" finished-at="2020-01-06T13:28:41Z">
          <reporter-output>
          </reporter-output>
        </test-method> <!-- testEvaluateWithoutQualifierAndReference -->
        <test-method status="PASS" signature="initServlet()[pri:0, instance:org.openrefine.wikidata.schema.WbStatementExprTest@4d1c00d0]" name="initServlet" is-config="true" duration-ms="7" started-at="2020-01-06T13:28:41Z" finished-at="2020-01-06T13:28:41Z">
          <reporter-output>
          </reporter-output>
        </test-method> <!-- initServlet -->
        <test-method status="PASS" signature="createProject()[pri:0, instance:org.openrefine.wikidata.schema.WbStatementExprTest@4d1c00d0]" name="createProject" is-config="true" duration-ms="5" started-at="2020-01-06T13:28:41Z" finished-at="2020-01-06T13:28:41Z">
          <reporter-output>
          </reporter-output>
        </test-method> <!-- createProject -->
        <test-method status="PASS" signature="testEvaluateWithoutReference()[pri:0, instance:org.openrefine.wikidata.schema.WbStatementExprTest@4d1c00d0]" name="testEvaluateWithoutReference" duration-ms="3" started-at="2020-01-06T13:28:41Z" finished-at="2020-01-06T13:28:41Z">
          <reporter-output>
          </reporter-output>
        </test-method> <!-- testEvaluateWithoutReference -->
        <test-method status="PASS" signature="initServlet()[pri:0, instance:org.openrefine.wikidata.schema.WbStatementExprTest@4d1c00d0]" name="initServlet" is-config="true" duration-ms="4" started-at="2020-01-06T13:28:41Z" finished-at="2020-01-06T13:28:41Z">
          <reporter-output>
          </reporter-output>
        </test-method> <!-- initServlet -->
        <test-method status="PASS" signature="createProject()[pri:0, instance:org.openrefine.wikidata.schema.WbStatementExprTest@4d1c00d0]" name="createProject" is-config="true" duration-ms="12" started-at="2020-01-06T13:28:41Z" finished-at="2020-01-06T13:28:41Z">
          <reporter-output>
          </reporter-output>
        </test-method> <!-- createProject -->
        <test-method status="PASS" signature="testSerialize()[pri:0, instance:org.openrefine.wikidata.schema.WbStatementExprTest@4d1c00d0]" name="testSerialize" duration-ms="38" started-at="2020-01-06T13:28:41Z" finished-at="2020-01-06T13:28:41Z">
          <reporter-output>
          </reporter-output>
        </test-method> <!-- testSerialize -->
        <test-method status="PASS" signature="initServlet()[pri:0, instance:org.openrefine.wikidata.schema.WbStatementExprTest@4d1c00d0]" name="initServlet" is-config="true" duration-ms="10" started-at="2020-01-06T13:28:41Z" finished-at="2020-01-06T13:28:41Z">
          <reporter-output>
          </reporter-output>
        </test-method> <!-- initServlet -->
        <test-method status="PASS" signature="createProject()[pri:0, instance:org.openrefine.wikidata.schema.WbStatementExprTest@4d1c00d0]" name="createProject" is-config="true" duration-ms="4" started-at="2020-01-06T13:28:41Z" finished-at="2020-01-06T13:28:41Z">
          <reporter-output>
          </reporter-output>
        </test-method> <!-- createProject -->
        <test-method status="PASS" signature="testSkip()[pri:0, instance:org.openrefine.wikidata.schema.WbStatementExprTest@4d1c00d0]" name="testSkip" duration-ms="3" started-at="2020-01-06T13:28:41Z" finished-at="2020-01-06T13:28:41Z">
          <reporter-output>
          </reporter-output>
        </test-method> <!-- testSkip -->
      </class> <!-- org.openrefine.wikidata.schema.WbStatementExprTest -->
      <class name="org.openrefine.wikidata.qa.scrutinizers.RestrictedValuesScrutinizerTest">
        <test-method status="PASS" signature="setUp()[pri:0, instance:org.openrefine.wikidata.qa.scrutinizers.RestrictedValuesScrutinizerTest@bcec361]" name="setUp" is-config="true" duration-ms="1" started-at="2020-01-06T13:28:41Z" finished-at="2020-01-06T13:28:41Z">
          <reporter-output>
          </reporter-output>
        </test-method> <!-- setUp -->
        <test-method status="PASS" signature="testAllowedValue()[pri:0, instance:org.openrefine.wikidata.qa.scrutinizers.RestrictedValuesScrutinizerTest@bcec361]" name="testAllowedValue" duration-ms="1" started-at="2020-01-06T13:28:41Z" finished-at="2020-01-06T13:28:41Z">
          <reporter-output>
          </reporter-output>
        </test-method> <!-- testAllowedValue -->
        <test-method status="PASS" signature="testAllowedValueFailing()[pri:0, instance:org.openrefine.wikidata.qa.scrutinizers.RestrictedValuesScrutinizerTest@bcec361]" name="testAllowedValueFailing" duration-ms="1" started-at="2020-01-06T13:28:41Z" finished-at="2020-01-06T13:28:41Z">
          <reporter-output>
          </reporter-output>
        </test-method> <!-- testAllowedValueFailing -->
        <test-method status="PASS" signature="setUp()[pri:0, instance:org.openrefine.wikidata.qa.scrutinizers.RestrictedValuesScrutinizerTest@bcec361]" name="setUp" is-config="true" duration-ms="0" started-at="2020-01-06T13:28:41Z" finished-at="2020-01-06T13:28:41Z">
          <reporter-output>
          </reporter-output>
        </test-method> <!-- setUp -->
        <test-method status="PASS" signature="testDisallowedValue()[pri:0, instance:org.openrefine.wikidata.qa.scrutinizers.RestrictedValuesScrutinizerTest@bcec361]" name="testDisallowedValue" duration-ms="1" started-at="2020-01-06T13:28:41Z" finished-at="2020-01-06T13:28:41Z">
          <reporter-output>
          </reporter-output>
        </test-method> <!-- testDisallowedValue -->
        <test-method status="PASS" signature="setUp()[pri:0, instance:org.openrefine.wikidata.qa.scrutinizers.RestrictedValuesScrutinizerTest@bcec361]" name="setUp" is-config="true" duration-ms="0" started-at="2020-01-06T13:28:41Z" finished-at="2020-01-06T13:28:41Z">
          <reporter-output>
          </reporter-output>
        </test-method> <!-- setUp -->
        <test-method status="PASS" signature="testDisallowedValueFailing()[pri:0, instance:org.openrefine.wikidata.qa.scrutinizers.RestrictedValuesScrutinizerTest@bcec361]" name="testDisallowedValueFailing" duration-ms="1" started-at="2020-01-06T13:28:41Z" finished-at="2020-01-06T13:28:41Z">
          <reporter-output>
          </reporter-output>
        </test-method> <!-- testDisallowedValueFailing -->
        <test-method status="PASS" signature="setUp()[pri:0, instance:org.openrefine.wikidata.qa.scrutinizers.RestrictedValuesScrutinizerTest@bcec361]" name="setUp" is-config="true" duration-ms="0" started-at="2020-01-06T13:28:41Z" finished-at="2020-01-06T13:28:41Z">
          <reporter-output>
          </reporter-output>
        </test-method> <!-- setUp -->
        <test-method status="PASS" signature="testNoConstraint()[pri:0, instance:org.openrefine.wikidata.qa.scrutinizers.RestrictedValuesScrutinizerTest@bcec361]" name="testNoConstraint" duration-ms="1" started-at="2020-01-06T13:28:41Z" finished-at="2020-01-06T13:28:41Z">
          <reporter-output>
          </reporter-output>
        </test-method> <!-- testNoConstraint -->
        <test-method status="PASS" signature="setUp()[pri:0, instance:org.openrefine.wikidata.qa.scrutinizers.RestrictedValuesScrutinizerTest@bcec361]" name="setUp" is-config="true" duration-ms="0" started-at="2020-01-06T13:28:41Z" finished-at="2020-01-06T13:28:41Z">
          <reporter-output>
          </reporter-output>
        </test-method> <!-- setUp -->
      </class> <!-- org.openrefine.wikidata.qa.scrutinizers.RestrictedValuesScrutinizerTest -->
      <class name="org.openrefine.wikidata.updates.scheduler.QuickStatementsUpdateSchedulerTest">
        <test-method status="PASS" signature="testImpossibleForQS()[pri:0, instance:org.openrefine.wikidata.updates.scheduler.QuickStatementsUpdateSchedulerTest@4b2bac3f]" name="testImpossibleForQS" duration-ms="20" started-at="2020-01-06T13:28:39Z" finished-at="2020-01-06T13:28:39Z">
          <exception class="org.openrefine.wikidata.updates.scheduler.ImpossibleSchedulingException">
            <full-stacktrace>
              <![CDATA[org.openrefine.wikidata.updates.scheduler.ImpossibleSchedulingException
	at org.openrefine.wikidata.updates.scheduler.QuickStatementsUpdateScheduler.splitUpdate(QuickStatementsUpdateScheduler.java:91)
	at org.openrefine.wikidata.updates.scheduler.QuickStatementsUpdateScheduler.schedule(QuickStatementsUpdateScheduler.java:119)
	at org.openrefine.wikidata.updates.scheduler.UpdateSchedulerTest.schedule(UpdateSchedulerTest.java:60)
	at org.openrefine.wikidata.updates.scheduler.QuickStatementsUpdateSchedulerTest.testImpossibleForQS(QuickStatementsUpdateSchedulerTest.java:62)
	at sun.reflect.NativeMethodAccessorImpl.invoke0(Native Method)
	at sun.reflect.NativeMethodAccessorImpl.invoke(NativeMethodAccessorImpl.java:62)
	at sun.reflect.DelegatingMethodAccessorImpl.invoke(DelegatingMethodAccessorImpl.java:43)
	at java.lang.reflect.Method.invoke(Method.java:498)
	at org.testng.internal.MethodInvocationHelper.invokeMethod(MethodInvocationHelper.java:86)
	at org.testng.internal.Invoker.invokeMethod(Invoker.java:643)
	at org.testng.internal.Invoker.invokeTestMethod(Invoker.java:820)
	at org.testng.internal.Invoker.invokeTestMethods(Invoker.java:1128)
	at org.testng.internal.TestMethodWorker.invokeTestMethods(TestMethodWorker.java:129)
	at org.testng.internal.TestMethodWorker.run(TestMethodWorker.java:112)
	at org.testng.TestRunner.privateRun(TestRunner.java:782)
	at org.testng.TestRunner.run(TestRunner.java:632)
	at org.testng.SuiteRunner.runTest(SuiteRunner.java:366)
	at org.testng.SuiteRunner.runSequentially(SuiteRunner.java:361)
	at org.testng.SuiteRunner.privateRun(SuiteRunner.java:319)
	at org.testng.SuiteRunner.run(SuiteRunner.java:268)
	at org.testng.SuiteRunnerWorker.runSuite(SuiteRunnerWorker.java:52)
	at org.testng.SuiteRunnerWorker.run(SuiteRunnerWorker.java:86)
	at org.testng.TestNG.runSuitesSequentially(TestNG.java:1244)
	at org.testng.TestNG.runSuitesLocally(TestNG.java:1169)
	at org.testng.TestNG.run(TestNG.java:1064)
	at org.testng.remote.AbstractRemoteTestNG.run(AbstractRemoteTestNG.java:114)
	at org.testng.remote.RemoteTestNG.initAndRun(RemoteTestNG.java:251)
	at org.testng.remote.RemoteTestNG.main(RemoteTestNG.java:77)
]]>
            </full-stacktrace>
          </exception> <!-- org.openrefine.wikidata.updates.scheduler.ImpossibleSchedulingException -->
          <reporter-output>
          </reporter-output>
        </test-method> <!-- testImpossibleForQS -->
        <test-method status="PASS" signature="testNoNewItem()[pri:0, instance:org.openrefine.wikidata.updates.scheduler.QuickStatementsUpdateSchedulerTest@4b2bac3f]" name="testNoNewItem" duration-ms="11" started-at="2020-01-06T13:28:39Z" finished-at="2020-01-06T13:28:39Z">
          <reporter-output>
          </reporter-output>
        </test-method> <!-- testNoNewItem -->
        <test-method status="PASS" signature="testSelfEditOnNewITem()[pri:0, instance:org.openrefine.wikidata.updates.scheduler.QuickStatementsUpdateSchedulerTest@4b2bac3f]" name="testSelfEditOnNewITem" duration-ms="2" started-at="2020-01-06T13:28:39Z" finished-at="2020-01-06T13:28:39Z">
          <reporter-output>
          </reporter-output>
        </test-method> <!-- testSelfEditOnNewITem -->
        <test-method status="PASS" signature="testSplitUpdate()[pri:0, instance:org.openrefine.wikidata.updates.scheduler.QuickStatementsUpdateSchedulerTest@4b2bac3f]" name="testSplitUpdate" duration-ms="10" started-at="2020-01-06T13:28:39Z" finished-at="2020-01-06T13:28:39Z">
          <reporter-output>
          </reporter-output>
        </test-method> <!-- testSplitUpdate -->
        <test-method status="PASS" signature="testMerge()[pri:0, instance:org.openrefine.wikidata.updates.scheduler.QuickStatementsUpdateSchedulerTest@4b2bac3f]" name="testMerge" duration-ms="7" started-at="2020-01-06T13:28:39Z" finished-at="2020-01-06T13:28:39Z">
          <reporter-output>
          </reporter-output>
        </test-method> <!-- testMerge -->
        <test-method status="PASS" signature="testMergeNew()[pri:0, instance:org.openrefine.wikidata.updates.scheduler.QuickStatementsUpdateSchedulerTest@4b2bac3f]" name="testMergeNew" duration-ms="3" started-at="2020-01-06T13:28:39Z" finished-at="2020-01-06T13:28:39Z">
          <reporter-output>
          </reporter-output>
        </test-method> <!-- testMergeNew -->
        <test-method status="PASS" signature="testNewItemMentioned()[pri:0, instance:org.openrefine.wikidata.updates.scheduler.QuickStatementsUpdateSchedulerTest@4b2bac3f]" name="testNewItemMentioned" duration-ms="7" started-at="2020-01-06T13:28:39Z" finished-at="2020-01-06T13:28:39Z">
          <reporter-output>
          </reporter-output>
        </test-method> <!-- testNewItemMentioned -->
        <test-method status="PASS" signature="testNewItemNotMentioned()[pri:0, instance:org.openrefine.wikidata.updates.scheduler.QuickStatementsUpdateSchedulerTest@4b2bac3f]" name="testNewItemNotMentioned" duration-ms="5" started-at="2020-01-06T13:28:39Z" finished-at="2020-01-06T13:28:39Z">
          <reporter-output>
          </reporter-output>
        </test-method> <!-- testNewItemNotMentioned -->
      </class> <!-- org.openrefine.wikidata.updates.scheduler.QuickStatementsUpdateSchedulerTest -->
      <class name="org.openrefine.wikidata.schema.WbDateVariableTest">
        <test-method status="PASS" signature="initServlet()[pri:0, instance:org.openrefine.wikidata.schema.WbDateVariableTest@4e08711f]" name="initServlet" is-config="true" duration-ms="1" started-at="2020-01-06T13:28:41Z" finished-at="2020-01-06T13:28:41Z">
          <reporter-output>
          </reporter-output>
        </test-method> <!-- initServlet -->
        <test-method status="PASS" signature="createProject()[pri:0, instance:org.openrefine.wikidata.schema.WbDateVariableTest@4e08711f]" name="createProject" is-config="true" duration-ms="4" started-at="2020-01-06T13:28:41Z" finished-at="2020-01-06T13:28:41Z">
          <reporter-output>
          </reporter-output>
        </test-method> <!-- createProject -->
        <test-method status="PASS" signature="testMinutesISO()[pri:0, instance:org.openrefine.wikidata.schema.WbDateVariableTest@4e08711f]" name="testMinutesISO" duration-ms="3" started-at="2020-01-06T13:28:41Z" finished-at="2020-01-06T13:28:41Z">
          <reporter-output>
          </reporter-output>
        </test-method> <!-- testMinutesISO -->
        <test-method status="PASS" signature="setupVariable()[pri:0, instance:org.openrefine.wikidata.schema.WbDateVariableTest@4e08711f]" name="setupVariable" is-config="true" duration-ms="0" started-at="2020-01-06T13:28:41Z" finished-at="2020-01-06T13:28:41Z">
          <reporter-output>
          </reporter-output>
        </test-method> <!-- setupVariable -->
        <test-method status="PASS" signature="initServlet()[pri:0, instance:org.openrefine.wikidata.schema.WbDateVariableTest@4e08711f]" name="initServlet" is-config="true" duration-ms="0" started-at="2020-01-06T13:28:41Z" finished-at="2020-01-06T13:28:41Z">
          <reporter-output>
          </reporter-output>
        </test-method> <!-- initServlet -->
        <test-method status="PASS" signature="createProject()[pri:0, instance:org.openrefine.wikidata.schema.WbDateVariableTest@4e08711f]" name="createProject" is-config="true" duration-ms="3" started-at="2020-01-06T13:28:41Z" finished-at="2020-01-06T13:28:41Z">
          <reporter-output>
          </reporter-output>
        </test-method> <!-- createProject -->
        <test-method status="PASS" signature="setupVariable()[pri:0, instance:org.openrefine.wikidata.schema.WbDateVariableTest@4e08711f]" name="setupVariable" is-config="true" duration-ms="1" started-at="2020-01-06T13:28:41Z" finished-at="2020-01-06T13:28:41Z">
          <reporter-output>
          </reporter-output>
        </test-method> <!-- setupVariable -->
        <test-method status="PASS" signature="testNumber()[pri:0, instance:org.openrefine.wikidata.schema.WbDateVariableTest@4e08711f]" name="testNumber" duration-ms="3" started-at="2020-01-06T13:28:41Z" finished-at="2020-01-06T13:28:41Z">
          <reporter-output>
          </reporter-output>
        </test-method> <!-- testNumber -->
        <test-method status="PASS" signature="initServlet()[pri:0, instance:org.openrefine.wikidata.schema.WbDateVariableTest@4e08711f]" name="initServlet" is-config="true" duration-ms="1" started-at="2020-01-06T13:28:41Z" finished-at="2020-01-06T13:28:41Z">
          <reporter-output>
          </reporter-output>
        </test-method> <!-- initServlet -->
        <test-method status="PASS" signature="createProject()[pri:0, instance:org.openrefine.wikidata.schema.WbDateVariableTest@4e08711f]" name="createProject" is-config="true" duration-ms="3" started-at="2020-01-06T13:28:41Z" finished-at="2020-01-06T13:28:41Z">
          <reporter-output>
          </reporter-output>
        </test-method> <!-- createProject -->
        <test-method status="PASS" signature="setupVariable()[pri:0, instance:org.openrefine.wikidata.schema.WbDateVariableTest@4e08711f]" name="setupVariable" is-config="true" duration-ms="0" started-at="2020-01-06T13:28:41Z" finished-at="2020-01-06T13:28:41Z">
          <reporter-output>
          </reporter-output>
        </test-method> <!-- setupVariable -->
        <test-method status="PASS" signature="testSerialize()[pri:0, instance:org.openrefine.wikidata.schema.WbDateVariableTest@4e08711f]" name="testSerialize" duration-ms="4" started-at="2020-01-06T13:28:41Z" finished-at="2020-01-06T13:28:41Z">
          <reporter-output>
          </reporter-output>
        </test-method> <!-- testSerialize -->
        <test-method status="PASS" signature="initServlet()[pri:0, instance:org.openrefine.wikidata.schema.WbDateVariableTest@4e08711f]" name="initServlet" is-config="true" duration-ms="1" started-at="2020-01-06T13:28:41Z" finished-at="2020-01-06T13:28:41Z">
          <reporter-output>
          </reporter-output>
        </test-method> <!-- initServlet -->
        <test-method status="PASS" signature="createProject()[pri:0, instance:org.openrefine.wikidata.schema.WbDateVariableTest@4e08711f]" name="createProject" is-config="true" duration-ms="3" started-at="2020-01-06T13:28:41Z" finished-at="2020-01-06T13:28:41Z">
          <reporter-output>
          </reporter-output>
        </test-method> <!-- createProject -->
        <test-method status="PASS" signature="testSkipped()[pri:0, instance:org.openrefine.wikidata.schema.WbDateVariableTest@4e08711f]" name="testSkipped" duration-ms="2" started-at="2020-01-06T13:28:41Z" finished-at="2020-01-06T13:28:41Z">
          <reporter-output>
          </reporter-output>
        </test-method> <!-- testSkipped -->
        <test-method status="PASS" signature="setupVariable()[pri:0, instance:org.openrefine.wikidata.schema.WbDateVariableTest@4e08711f]" name="setupVariable" is-config="true" duration-ms="0" started-at="2020-01-06T13:28:41Z" finished-at="2020-01-06T13:28:41Z">
          <reporter-output>
          </reporter-output>
        </test-method> <!-- setupVariable -->
        <test-method status="PASS" signature="createProject()[pri:0, instance:org.openrefine.wikidata.schema.WbDateVariableTest@4e08711f]" name="createProject" is-config="true" duration-ms="4" started-at="2020-01-06T13:28:41Z" finished-at="2020-01-06T13:28:41Z">
          <reporter-output>
          </reporter-output>
        </test-method> <!-- createProject -->
        <test-method status="PASS" signature="initServlet()[pri:0, instance:org.openrefine.wikidata.schema.WbDateVariableTest@4e08711f]" name="initServlet" is-config="true" duration-ms="0" started-at="2020-01-06T13:28:41Z" finished-at="2020-01-06T13:28:41Z">
          <reporter-output>
          </reporter-output>
        </test-method> <!-- initServlet -->
        <test-method status="PASS" signature="setupVariable()[pri:0, instance:org.openrefine.wikidata.schema.WbDateVariableTest@4e08711f]" name="setupVariable" is-config="true" duration-ms="0" started-at="2020-01-06T13:28:41Z" finished-at="2020-01-06T13:28:41Z">
          <reporter-output>
          </reporter-output>
        </test-method> <!-- setupVariable -->
        <test-method status="PASS" signature="testValidFormat()[pri:0, instance:org.openrefine.wikidata.schema.WbDateVariableTest@4e08711f]" name="testValidFormat" duration-ms="3" started-at="2020-01-06T13:28:41Z" finished-at="2020-01-06T13:28:41Z">
          <reporter-output>
          </reporter-output>
        </test-method> <!-- testValidFormat -->
        <test-method status="PASS" signature="createProject()[pri:0, instance:org.openrefine.wikidata.schema.WbDateVariableTest@4e08711f]" name="createProject" is-config="true" duration-ms="3" started-at="2020-01-06T13:28:41Z" finished-at="2020-01-06T13:28:41Z">
          <reporter-output>
          </reporter-output>
        </test-method> <!-- createProject -->
        <test-method status="PASS" signature="initServlet()[pri:0, instance:org.openrefine.wikidata.schema.WbDateVariableTest@4e08711f]" name="initServlet" is-config="true" duration-ms="0" started-at="2020-01-06T13:28:41Z" finished-at="2020-01-06T13:28:41Z">
          <reporter-output>
          </reporter-output>
        </test-method> <!-- initServlet -->
        <test-method status="PASS" signature="setupVariable()[pri:0, instance:org.openrefine.wikidata.schema.WbDateVariableTest@4e08711f]" name="setupVariable" is-config="true" duration-ms="1" started-at="2020-01-06T13:28:41Z" finished-at="2020-01-06T13:28:41Z">
          <reporter-output>
          </reporter-output>
        </test-method> <!-- setupVariable -->
        <test-method status="PASS" signature="testWhitespace()[pri:0, instance:org.openrefine.wikidata.schema.WbDateVariableTest@4e08711f]" name="testWhitespace" duration-ms="2" started-at="2020-01-06T13:28:41Z" finished-at="2020-01-06T13:28:41Z">
          <reporter-output>
          </reporter-output>
        </test-method> <!-- testWhitespace -->
      </class> <!-- org.openrefine.wikidata.schema.WbDateVariableTest -->
      <class name="org.openrefine.wikidata.commands.SaveWikibaseSchemaCommandTest">
        <test-method status="PASS" signature="initServlet()[pri:0, instance:org.openrefine.wikidata.commands.SaveWikibaseSchemaCommandTest@26794848]" name="initServlet" is-config="true" duration-ms="1" started-at="2020-01-06T13:28:42Z" finished-at="2020-01-06T13:28:42Z">
          <reporter-output>
          </reporter-output>
        </test-method> <!-- initServlet -->
        <test-method status="PASS" signature="setUpProject()[pri:0, instance:org.openrefine.wikidata.commands.SaveWikibaseSchemaCommandTest@26794848]" name="setUpProject" is-config="true" duration-ms="155" started-at="2020-01-06T13:28:42Z" finished-at="2020-01-06T13:28:42Z">
          <reporter-output>
          </reporter-output>
        </test-method> <!-- setUpProject -->
        <test-method status="PASS" signature="setUp()[pri:0, instance:org.openrefine.wikidata.commands.SaveWikibaseSchemaCommandTest@26794848]" name="setUp" is-config="true" duration-ms="3" started-at="2020-01-06T13:28:42Z" finished-at="2020-01-06T13:28:42Z">
          <reporter-output>
          </reporter-output>
        </test-method> <!-- setUp -->
        <test-method status="PASS" signature="testCsrfProtection()[pri:0, instance:org.openrefine.wikidata.commands.SaveWikibaseSchemaCommandTest@26794848]" name="testCsrfProtection" duration-ms="11" started-at="2020-01-06T13:28:42Z" finished-at="2020-01-06T13:28:42Z">
          <reporter-output>
          </reporter-output>
        </test-method> <!-- testCsrfProtection -->
        <test-method status="PASS" signature="initServlet()[pri:0, instance:org.openrefine.wikidata.commands.SaveWikibaseSchemaCommandTest@26794848]" name="initServlet" is-config="true" duration-ms="1" started-at="2020-01-06T13:28:42Z" finished-at="2020-01-06T13:28:42Z">
          <reporter-output>
          </reporter-output>
        </test-method> <!-- initServlet -->
        <test-method status="PASS" signature="setUpProject()[pri:0, instance:org.openrefine.wikidata.commands.SaveWikibaseSchemaCommandTest@26794848]" name="setUpProject" is-config="true" duration-ms="5" started-at="2020-01-06T13:28:42Z" finished-at="2020-01-06T13:28:42Z">
          <reporter-output>
          </reporter-output>
        </test-method> <!-- setUpProject -->
        <test-method status="PASS" signature="setUp()[pri:0, instance:org.openrefine.wikidata.commands.SaveWikibaseSchemaCommandTest@26794848]" name="setUp" is-config="true" duration-ms="0" started-at="2020-01-06T13:28:42Z" finished-at="2020-01-06T13:28:42Z">
          <reporter-output>
          </reporter-output>
        </test-method> <!-- setUp -->
        <test-method status="PASS" signature="testInvalidSchema()[pri:0, instance:org.openrefine.wikidata.commands.SaveWikibaseSchemaCommandTest@26794848]" name="testInvalidSchema" duration-ms="17" started-at="2020-01-06T13:28:42Z" finished-at="2020-01-06T13:28:42Z">
          <reporter-output>
          </reporter-output>
        </test-method> <!-- testInvalidSchema -->
        <test-method status="PASS" signature="initServlet()[pri:0, instance:org.openrefine.wikidata.commands.SaveWikibaseSchemaCommandTest@26794848]" name="initServlet" is-config="true" duration-ms="4" started-at="2020-01-06T13:28:42Z" finished-at="2020-01-06T13:28:42Z">
          <reporter-output>
          </reporter-output>
        </test-method> <!-- initServlet -->
        <test-method status="PASS" signature="setUpProject()[pri:0, instance:org.openrefine.wikidata.commands.SaveWikibaseSchemaCommandTest@26794848]" name="setUpProject" is-config="true" duration-ms="3" started-at="2020-01-06T13:28:42Z" finished-at="2020-01-06T13:28:42Z">
          <reporter-output>
          </reporter-output>
        </test-method> <!-- setUpProject -->
        <test-method status="PASS" signature="testValidSchema()[pri:0, instance:org.openrefine.wikidata.commands.SaveWikibaseSchemaCommandTest@26794848]" name="testValidSchema" duration-ms="28" started-at="2020-01-06T13:28:42Z" finished-at="2020-01-06T13:28:42Z">
          <reporter-output>
          </reporter-output>
        </test-method> <!-- testValidSchema -->
        <test-method status="PASS" signature="setUp()[pri:0, instance:org.openrefine.wikidata.commands.SaveWikibaseSchemaCommandTest@26794848]" name="setUp" is-config="true" duration-ms="0" started-at="2020-01-06T13:28:42Z" finished-at="2020-01-06T13:28:42Z">
          <reporter-output>
          </reporter-output>
        </test-method> <!-- setUp -->
        <test-method status="PASS" signature="initServlet()[pri:0, instance:org.openrefine.wikidata.commands.SaveWikibaseSchemaCommandTest@26794848]" name="initServlet" is-config="true" duration-ms="0" started-at="2020-01-06T13:28:42Z" finished-at="2020-01-06T13:28:42Z">
          <reporter-output>
          </reporter-output>
        </test-method> <!-- initServlet -->
        <test-method status="PASS" signature="setUpProject()[pri:0, instance:org.openrefine.wikidata.commands.SaveWikibaseSchemaCommandTest@26794848]" name="setUpProject" is-config="true" duration-ms="3" started-at="2020-01-06T13:28:42Z" finished-at="2020-01-06T13:28:42Z">
          <reporter-output>
          </reporter-output>
        </test-method> <!-- setUpProject -->
        <test-method status="PASS" signature="setUp()[pri:0, instance:org.openrefine.wikidata.commands.SaveWikibaseSchemaCommandTest@26794848]" name="setUp" is-config="true" duration-ms="1" started-at="2020-01-06T13:28:42Z" finished-at="2020-01-06T13:28:42Z">
          <reporter-output>
          </reporter-output>
        </test-method> <!-- setUp -->
        <test-method status="PASS" signature="testNoSchema()[pri:0, instance:org.openrefine.wikidata.commands.SaveWikibaseSchemaCommandTest@26794848]" name="testNoSchema" duration-ms="2" started-at="2020-01-06T13:28:42Z" finished-at="2020-01-06T13:28:42Z">
          <reporter-output>
          </reporter-output>
        </test-method> <!-- testNoSchema -->
      </class> <!-- org.openrefine.wikidata.commands.SaveWikibaseSchemaCommandTest -->
      <class name="org.openrefine.wikidata.operations.SaveWikibaseSchemaOperationTest">
        <test-method status="PASS" signature="initServlet()[pri:0, instance:org.openrefine.wikidata.operations.SaveWikibaseSchemaOperationTest@302552ec]" name="initServlet" is-config="true" duration-ms="2" started-at="2020-01-06T13:28:42Z" finished-at="2020-01-06T13:28:42Z">
          <reporter-output>
          </reporter-output>
        </test-method> <!-- initServlet -->
        <test-method status="PASS" signature="setUp()[pri:0, instance:org.openrefine.wikidata.operations.SaveWikibaseSchemaOperationTest@302552ec]" name="setUp" is-config="true" duration-ms="101" started-at="2020-01-06T13:28:42Z" finished-at="2020-01-06T13:28:42Z">
          <reporter-output>
          </reporter-output>
        </test-method> <!-- setUp -->
        <test-method status="PASS" signature="registerOperation()[pri:0, instance:org.openrefine.wikidata.operations.SaveWikibaseSchemaOperationTest@302552ec]" name="registerOperation" is-config="true" duration-ms="1" started-at="2020-01-06T13:28:42Z" finished-at="2020-01-06T13:28:42Z">
          <reporter-output>
          </reporter-output>
        </test-method> <!-- registerOperation -->
        <test-method status="PASS" signature="testReconstruct()[pri:0, instance:org.openrefine.wikidata.operations.SaveWikibaseSchemaOperationTest@302552ec]" name="testReconstruct" duration-ms="11" started-at="2020-01-06T13:28:42Z" finished-at="2020-01-06T13:28:42Z">
          <reporter-output>
          </reporter-output>
        </test-method> <!-- testReconstruct -->
        <test-method status="PASS" signature="initServlet()[pri:0, instance:org.openrefine.wikidata.operations.SaveWikibaseSchemaOperationTest@302552ec]" name="initServlet" is-config="true" duration-ms="3" started-at="2020-01-06T13:28:42Z" finished-at="2020-01-06T13:28:42Z">
          <reporter-output>
          </reporter-output>
        </test-method> <!-- initServlet -->
        <test-method status="PASS" signature="setUp()[pri:0, instance:org.openrefine.wikidata.operations.SaveWikibaseSchemaOperationTest@302552ec]" name="setUp" is-config="true" duration-ms="4" started-at="2020-01-06T13:28:42Z" finished-at="2020-01-06T13:28:42Z">
          <reporter-output>
          </reporter-output>
        </test-method> <!-- setUp -->
        <test-method status="PASS" signature="registerOperation()[pri:0, instance:org.openrefine.wikidata.operations.SaveWikibaseSchemaOperationTest@302552ec]" name="registerOperation" is-config="true" duration-ms="0" started-at="2020-01-06T13:28:42Z" finished-at="2020-01-06T13:28:42Z">
          <reporter-output>
          </reporter-output>
        </test-method> <!-- registerOperation -->
        <test-method status="PASS" signature="testLoadChange()[pri:0, instance:org.openrefine.wikidata.operations.SaveWikibaseSchemaOperationTest@302552ec]" name="testLoadChange" duration-ms="10" started-at="2020-01-06T13:28:42Z" finished-at="2020-01-06T13:28:42Z">
          <reporter-output>
          </reporter-output>
        </test-method> <!-- testLoadChange -->
      </class> <!-- org.openrefine.wikidata.operations.SaveWikibaseSchemaOperationTest -->
      <class name="org.openrefine.wikidata.qa.scrutinizers.FormatScrutinizerTest">
        <test-method status="PASS" signature="testIncompleteMatch()[pri:0, instance:org.openrefine.wikidata.qa.scrutinizers.FormatScrutinizerTest@3d285d7e]" name="testIncompleteMatch" duration-ms="1" started-at="2020-01-06T13:28:42Z" finished-at="2020-01-06T13:28:42Z">
          <reporter-output>
          </reporter-output>
        </test-method> <!-- testIncompleteMatch -->
        <test-method status="PASS" signature="setUp()[pri:0, instance:org.openrefine.wikidata.qa.scrutinizers.FormatScrutinizerTest@3d285d7e]" name="setUp" is-config="true" duration-ms="0" started-at="2020-01-06T13:28:42Z" finished-at="2020-01-06T13:28:42Z">
          <reporter-output>
          </reporter-output>
        </test-method> <!-- setUp -->
        <test-method status="PASS" signature="testNoIssue()[pri:0, instance:org.openrefine.wikidata.qa.scrutinizers.FormatScrutinizerTest@3d285d7e]" name="testNoIssue" duration-ms="1" started-at="2020-01-06T13:28:42Z" finished-at="2020-01-06T13:28:42Z">
          <reporter-output>
          </reporter-output>
        </test-method> <!-- testNoIssue -->
        <test-method status="PASS" signature="setUp()[pri:0, instance:org.openrefine.wikidata.qa.scrutinizers.FormatScrutinizerTest@3d285d7e]" name="setUp" is-config="true" duration-ms="0" started-at="2020-01-06T13:28:42Z" finished-at="2020-01-06T13:28:42Z">
          <reporter-output>
          </reporter-output>
        </test-method> <!-- setUp -->
        <test-method status="PASS" signature="setUp()[pri:0, instance:org.openrefine.wikidata.qa.scrutinizers.FormatScrutinizerTest@3d285d7e]" name="setUp" is-config="true" duration-ms="0" started-at="2020-01-06T13:28:42Z" finished-at="2020-01-06T13:28:42Z">
          <reporter-output>
          </reporter-output>
        </test-method> <!-- setUp -->
        <test-method status="PASS" signature="testTrigger()[pri:0, instance:org.openrefine.wikidata.qa.scrutinizers.FormatScrutinizerTest@3d285d7e]" name="testTrigger" duration-ms="1" started-at="2020-01-06T13:28:42Z" finished-at="2020-01-06T13:28:42Z">
          <reporter-output>
          </reporter-output>
        </test-method> <!-- testTrigger -->
      </class> <!-- org.openrefine.wikidata.qa.scrutinizers.FormatScrutinizerTest -->
      <class name="org.openrefine.wikidata.commands.LoginCommandTest">
        <test-method status="PASS" signature="initServlet()[pri:0, instance:org.openrefine.wikidata.commands.LoginCommandTest@40005471]" name="initServlet" is-config="true" duration-ms="1" started-at="2020-01-06T13:28:42Z" finished-at="2020-01-06T13:28:42Z">
          <reporter-output>
          </reporter-output>
        </test-method> <!-- initServlet -->
        <test-method status="PASS" signature="setUpProject()[pri:0, instance:org.openrefine.wikidata.commands.LoginCommandTest@40005471]" name="setUpProject" is-config="true" duration-ms="3" started-at="2020-01-06T13:28:42Z" finished-at="2020-01-06T13:28:42Z">
          <reporter-output>
          </reporter-output>
        </test-method> <!-- setUpProject -->
        <test-method status="PASS" signature="testCsrfProtection()[pri:0, instance:org.openrefine.wikidata.commands.LoginCommandTest@40005471]" name="testCsrfProtection" duration-ms="1" started-at="2020-01-06T13:28:42Z" finished-at="2020-01-06T13:28:42Z">
          <reporter-output>
          </reporter-output>
        </test-method> <!-- testCsrfProtection -->
        <test-method status="PASS" signature="SetUp()[pri:0, instance:org.openrefine.wikidata.commands.LoginCommandTest@40005471]" name="SetUp" is-config="true" duration-ms="0" started-at="2020-01-06T13:28:42Z" finished-at="2020-01-06T13:28:42Z">
          <reporter-output>
          </reporter-output>
        </test-method> <!-- SetUp -->
        <test-method status="PASS" signature="initServlet()[pri:0, instance:org.openrefine.wikidata.commands.LoginCommandTest@40005471]" name="initServlet" is-config="true" duration-ms="1" started-at="2020-01-06T13:28:42Z" finished-at="2020-01-06T13:28:42Z">
          <reporter-output>
          </reporter-output>
        </test-method> <!-- initServlet -->
        <test-method status="PASS" signature="setUpProject()[pri:0, instance:org.openrefine.wikidata.commands.LoginCommandTest@40005471]" name="setUpProject" is-config="true" duration-ms="3" started-at="2020-01-06T13:28:42Z" finished-at="2020-01-06T13:28:42Z">
          <reporter-output>
          </reporter-output>
        </test-method> <!-- setUpProject -->
        <test-method status="PASS" signature="testGetNotCsrfProtected()[pri:0, instance:org.openrefine.wikidata.commands.LoginCommandTest@40005471]" name="testGetNotCsrfProtected" duration-ms="3" started-at="2020-01-06T13:28:42Z" finished-at="2020-01-06T13:28:42Z">
          <reporter-output>
          </reporter-output>
        </test-method> <!-- testGetNotCsrfProtected -->
        <test-method status="PASS" signature="SetUp()[pri:0, instance:org.openrefine.wikidata.commands.LoginCommandTest@40005471]" name="SetUp" is-config="true" duration-ms="0" started-at="2020-01-06T13:28:42Z" finished-at="2020-01-06T13:28:42Z">
          <reporter-output>
          </reporter-output>
        </test-method> <!-- SetUp -->
        <test-method status="PASS" signature="initServlet()[pri:0, instance:org.openrefine.wikidata.commands.LoginCommandTest@40005471]" name="initServlet" is-config="true" duration-ms="1" started-at="2020-01-06T13:28:42Z" finished-at="2020-01-06T13:28:42Z">
          <reporter-output>
          </reporter-output>
        </test-method> <!-- initServlet -->
        <test-method status="PASS" signature="setUpProject()[pri:0, instance:org.openrefine.wikidata.commands.LoginCommandTest@40005471]" name="setUpProject" is-config="true" duration-ms="7" started-at="2020-01-06T13:28:42Z" finished-at="2020-01-06T13:28:42Z">
          <reporter-output>
          </reporter-output>
        </test-method> <!-- setUpProject -->
        <test-method status="PASS" signature="testNoCredentials()[pri:0, instance:org.openrefine.wikidata.commands.LoginCommandTest@40005471]" name="testNoCredentials" duration-ms="2" started-at="2020-01-06T13:28:42Z" finished-at="2020-01-06T13:28:42Z">
          <reporter-output>
          </reporter-output>
        </test-method> <!-- testNoCredentials -->
        <test-method status="PASS" signature="SetUp()[pri:0, instance:org.openrefine.wikidata.commands.LoginCommandTest@40005471]" name="SetUp" is-config="true" duration-ms="0" started-at="2020-01-06T13:28:42Z" finished-at="2020-01-06T13:28:42Z">
          <reporter-output>
          </reporter-output>
        </test-method> <!-- SetUp -->
      </class> <!-- org.openrefine.wikidata.commands.LoginCommandTest -->
      <class name="org.openrefine.wikidata.schema.WikibaseSchemaTest">
        <test-method status="PASS" signature="setUpProject()[pri:0, instance:org.openrefine.wikidata.schema.WikibaseSchemaTest@2cd76f31]" name="setUpProject" is-config="true" duration-ms="5" started-at="2020-01-06T13:28:42Z" finished-at="2020-01-06T13:28:42Z">
          <reporter-output>
          </reporter-output>
        </test-method> <!-- setUpProject -->
        <test-method status="PASS" signature="initServlet()[pri:0, instance:org.openrefine.wikidata.schema.WikibaseSchemaTest@2cd76f31]" name="initServlet" is-config="true" duration-ms="0" started-at="2020-01-06T13:28:42Z" finished-at="2020-01-06T13:28:42Z">
          <reporter-output>
          </reporter-output>
        </test-method> <!-- initServlet -->
        <test-method status="PASS" signature="testDeserialize()[pri:0, instance:org.openrefine.wikidata.schema.WikibaseSchemaTest@2cd76f31]" name="testDeserialize" duration-ms="7" started-at="2020-01-06T13:28:42Z" finished-at="2020-01-06T13:28:42Z">
          <reporter-output>
          </reporter-output>
        </test-method> <!-- testDeserialize -->
        <test-method status="PASS" signature="initServlet()[pri:0, instance:org.openrefine.wikidata.schema.WikibaseSchemaTest@2cd76f31]" name="initServlet" is-config="true" duration-ms="0" started-at="2020-01-06T13:28:42Z" finished-at="2020-01-06T13:28:42Z">
          <reporter-output>
          </reporter-output>
        </test-method> <!-- initServlet -->
        <test-method status="PASS" signature="setUpProject()[pri:0, instance:org.openrefine.wikidata.schema.WikibaseSchemaTest@2cd76f31]" name="setUpProject" is-config="true" duration-ms="1" started-at="2020-01-06T13:28:42Z" finished-at="2020-01-06T13:28:42Z">
          <reporter-output>
          </reporter-output>
        </test-method> <!-- setUpProject -->
        <test-method status="PASS" signature="testDeserializeEmpty()[pri:0, instance:org.openrefine.wikidata.schema.WikibaseSchemaTest@2cd76f31]" name="testDeserializeEmpty" duration-ms="0" started-at="2020-01-06T13:28:42Z" finished-at="2020-01-06T13:28:42Z">
          <exception class="com.fasterxml.jackson.databind.exc.InvalidDefinitionException">
            <message>
              <![CDATA[Cannot construct instance of `org.openrefine.wikidata.schema.WbStatementGroupExpr`, problem: Object must not be null
 at [Source: (String)"{"itemDocuments":[{"statementGroups":[{"statements":[]}],"nameDescs":[]}],"wikibasePrefix":"http://www.wikidata.org/entity/"}"; line: 1, column: 55] (through reference chain: org.openrefine.wikidata.schema.WikibaseSchema["itemDocuments"]->java.util.ArrayList[0]->org.openrefine.wikidata.schema.WbItemDocumentExpr["statementGroups"]->java.util.ArrayList[0])]]>
            </message>
            <full-stacktrace>
              <![CDATA[com.fasterxml.jackson.databind.exc.InvalidDefinitionException: Cannot construct instance of `org.openrefine.wikidata.schema.WbStatementGroupExpr`, problem: Object must not be null
 at [Source: (String)"{"itemDocuments":[{"statementGroups":[{"statements":[]}],"nameDescs":[]}],"wikibasePrefix":"http://www.wikidata.org/entity/"}"; line: 1, column: 55] (through reference chain: org.openrefine.wikidata.schema.WikibaseSchema["itemDocuments"]->java.util.ArrayList[0]->org.openrefine.wikidata.schema.WbItemDocumentExpr["statementGroups"]->java.util.ArrayList[0])
	at com.fasterxml.jackson.databind.exc.InvalidDefinitionException.from(InvalidDefinitionException.java:67)
	at com.fasterxml.jackson.databind.DeserializationContext.instantiationException(DeserializationContext.java:1608)
	at com.fasterxml.jackson.databind.deser.std.StdValueInstantiator.wrapAsJsonMappingException(StdValueInstantiator.java:484)
	at com.fasterxml.jackson.databind.deser.std.StdValueInstantiator.rewrapCtorProblem(StdValueInstantiator.java:503)
	at com.fasterxml.jackson.databind.deser.std.StdValueInstantiator.createFromObjectWith(StdValueInstantiator.java:285)
	at com.fasterxml.jackson.databind.deser.ValueInstantiator.createFromObjectWith(ValueInstantiator.java:229)
	at com.fasterxml.jackson.databind.deser.impl.PropertyBasedCreator.build(PropertyBasedCreator.java:195)
	at com.fasterxml.jackson.databind.deser.BeanDeserializer._deserializeUsingPropertyBased(BeanDeserializer.java:488)
	at com.fasterxml.jackson.databind.deser.BeanDeserializerBase.deserializeFromObjectUsingNonDefault(BeanDeserializerBase.java:1287)
	at com.fasterxml.jackson.databind.deser.BeanDeserializer.deserializeFromObject(BeanDeserializer.java:326)
	at com.fasterxml.jackson.databind.deser.BeanDeserializer.deserialize(BeanDeserializer.java:159)
	at com.fasterxml.jackson.databind.deser.std.CollectionDeserializer.deserialize(CollectionDeserializer.java:286)
	at com.fasterxml.jackson.databind.deser.std.CollectionDeserializer.deserialize(CollectionDeserializer.java:245)
	at com.fasterxml.jackson.databind.deser.std.CollectionDeserializer.deserialize(CollectionDeserializer.java:27)
	at com.fasterxml.jackson.databind.deser.SettableBeanProperty.deserialize(SettableBeanProperty.java:530)
	at com.fasterxml.jackson.databind.deser.BeanDeserializer._deserializeWithErrorWrapping(BeanDeserializer.java:528)
	at com.fasterxml.jackson.databind.deser.BeanDeserializer._deserializeUsingPropertyBased(BeanDeserializer.java:417)
	at com.fasterxml.jackson.databind.deser.BeanDeserializerBase.deserializeFromObjectUsingNonDefault(BeanDeserializerBase.java:1287)
	at com.fasterxml.jackson.databind.deser.BeanDeserializer.deserializeFromObject(BeanDeserializer.java:326)
	at com.fasterxml.jackson.databind.deser.BeanDeserializer.deserialize(BeanDeserializer.java:159)
	at com.fasterxml.jackson.databind.deser.std.CollectionDeserializer.deserialize(CollectionDeserializer.java:286)
	at com.fasterxml.jackson.databind.deser.std.CollectionDeserializer.deserialize(CollectionDeserializer.java:245)
	at com.fasterxml.jackson.databind.deser.std.CollectionDeserializer.deserialize(CollectionDeserializer.java:27)
	at com.fasterxml.jackson.databind.deser.SettableBeanProperty.deserialize(SettableBeanProperty.java:530)
	at com.fasterxml.jackson.databind.deser.BeanDeserializer._deserializeWithErrorWrapping(BeanDeserializer.java:528)
	at com.fasterxml.jackson.databind.deser.BeanDeserializer._deserializeUsingPropertyBased(BeanDeserializer.java:417)
	at com.fasterxml.jackson.databind.deser.BeanDeserializerBase.deserializeFromObjectUsingNonDefault(BeanDeserializerBase.java:1287)
	at com.fasterxml.jackson.databind.deser.BeanDeserializer.deserializeFromObject(BeanDeserializer.java:326)
	at com.fasterxml.jackson.databind.deser.BeanDeserializer.deserialize(BeanDeserializer.java:159)
	at com.fasterxml.jackson.databind.ObjectMapper._readMapAndClose(ObjectMapper.java:4014)
	at com.fasterxml.jackson.databind.ObjectMapper.readValue(ObjectMapper.java:3005)
	at org.openrefine.wikidata.schema.WikibaseSchema.reconstruct(WikibaseSchema.java:182)
	at org.openrefine.wikidata.schema.WikibaseSchemaTest.testDeserializeEmpty(WikibaseSchemaTest.java:130)
	at sun.reflect.NativeMethodAccessorImpl.invoke0(Native Method)
	at sun.reflect.NativeMethodAccessorImpl.invoke(NativeMethodAccessorImpl.java:62)
	at sun.reflect.DelegatingMethodAccessorImpl.invoke(DelegatingMethodAccessorImpl.java:43)
	at java.lang.reflect.Method.invoke(Method.java:498)
	at org.testng.internal.MethodInvocationHelper.invokeMethod(MethodInvocationHelper.java:86)
	at org.testng.internal.Invoker.invokeMethod(Invoker.java:643)
	at org.testng.internal.Invoker.invokeTestMethod(Invoker.java:820)
	at org.testng.internal.Invoker.invokeTestMethods(Invoker.java:1128)
	at org.testng.internal.TestMethodWorker.invokeTestMethods(TestMethodWorker.java:129)
	at org.testng.internal.TestMethodWorker.run(TestMethodWorker.java:112)
	at org.testng.TestRunner.privateRun(TestRunner.java:782)
	at org.testng.TestRunner.run(TestRunner.java:632)
	at org.testng.SuiteRunner.runTest(SuiteRunner.java:366)
	at org.testng.SuiteRunner.runSequentially(SuiteRunner.java:361)
	at org.testng.SuiteRunner.privateRun(SuiteRunner.java:319)
	at org.testng.SuiteRunner.run(SuiteRunner.java:268)
	at org.testng.SuiteRunnerWorker.runSuite(SuiteRunnerWorker.java:52)
	at org.testng.SuiteRunnerWorker.run(SuiteRunnerWorker.java:86)
	at org.testng.TestNG.runSuitesSequentially(TestNG.java:1244)
	at org.testng.TestNG.runSuitesLocally(TestNG.java:1169)
	at org.testng.TestNG.run(TestNG.java:1064)
	at org.testng.remote.AbstractRemoteTestNG.run(AbstractRemoteTestNG.java:114)
	at org.testng.remote.RemoteTestNG.initAndRun(RemoteTestNG.java:251)
	at org.testng.remote.RemoteTestNG.main(RemoteTestNG.java:77)
Caused by: java.lang.IllegalArgumentException: Object must not be null
	at org.jsoup.helper.Validate.notNull(Validate.java:16)
	at org.openrefine.wikidata.schema.WbStatementGroupExpr.<init>(WbStatementGroupExpr.java:50)
	at sun.reflect.NativeConstructorAccessorImpl.newInstance0(Native Method)
	at sun.reflect.NativeConstructorAccessorImpl.newInstance(NativeConstructorAccessorImpl.java:62)
	at sun.reflect.DelegatingConstructorAccessorImpl.newInstance(DelegatingConstructorAccessorImpl.java:45)
	at java.lang.reflect.Constructor.newInstance(Constructor.java:423)
	at com.fasterxml.jackson.databind.introspect.AnnotatedConstructor.call(AnnotatedConstructor.java:124)
	at com.fasterxml.jackson.databind.deser.std.StdValueInstantiator.createFromObjectWith(StdValueInstantiator.java:283)
	... 52 more
]]>
            </full-stacktrace>
          </exception> <!-- com.fasterxml.jackson.databind.exc.InvalidDefinitionException -->
          <reporter-output>
          </reporter-output>
        </test-method> <!-- testDeserializeEmpty -->
        <test-method status="PASS" signature="initServlet()[pri:0, instance:org.openrefine.wikidata.schema.WikibaseSchemaTest@2cd76f31]" name="initServlet" is-config="true" duration-ms="1" started-at="2020-01-06T13:28:42Z" finished-at="2020-01-06T13:28:42Z">
          <reporter-output>
          </reporter-output>
        </test-method> <!-- initServlet -->
        <test-method status="PASS" signature="setUpProject()[pri:0, instance:org.openrefine.wikidata.schema.WikibaseSchemaTest@2cd76f31]" name="setUpProject" is-config="true" duration-ms="2" started-at="2020-01-06T13:28:42Z" finished-at="2020-01-06T13:28:42Z">
          <reporter-output>
          </reporter-output>
        </test-method> <!-- setUpProject -->
        <test-method status="PASS" signature="testEvaluate()[pri:0, instance:org.openrefine.wikidata.schema.WikibaseSchemaTest@2cd76f31]" name="testEvaluate" duration-ms="8" started-at="2020-01-06T13:28:42Z" finished-at="2020-01-06T13:28:42Z">
          <reporter-output>
          </reporter-output>
        </test-method> <!-- testEvaluate -->
        <test-method status="PASS" signature="initServlet()[pri:0, instance:org.openrefine.wikidata.schema.WikibaseSchemaTest@2cd76f31]" name="initServlet" is-config="true" duration-ms="0" started-at="2020-01-06T13:28:42Z" finished-at="2020-01-06T13:28:42Z">
          <reporter-output>
          </reporter-output>
        </test-method> <!-- initServlet -->
        <test-method status="PASS" signature="setUpProject()[pri:0, instance:org.openrefine.wikidata.schema.WikibaseSchemaTest@2cd76f31]" name="setUpProject" is-config="true" duration-ms="14" started-at="2020-01-06T13:28:42Z" finished-at="2020-01-06T13:28:42Z">
          <reporter-output>
          </reporter-output>
        </test-method> <!-- setUpProject -->
        <test-method status="PASS" signature="testEvaluateRespectsFacets()[pri:0, instance:org.openrefine.wikidata.schema.WikibaseSchemaTest@2cd76f31]" name="testEvaluateRespectsFacets" duration-ms="22" started-at="2020-01-06T13:28:42Z" finished-at="2020-01-06T13:28:42Z">
          <reporter-output>
          </reporter-output>
        </test-method> <!-- testEvaluateRespectsFacets -->
        <test-method status="PASS" signature="setUpProject()[pri:0, instance:org.openrefine.wikidata.schema.WikibaseSchemaTest@2cd76f31]" name="setUpProject" is-config="true" duration-ms="2" started-at="2020-01-06T13:28:42Z" finished-at="2020-01-06T13:28:42Z">
          <reporter-output>
          </reporter-output>
        </test-method> <!-- setUpProject -->
        <test-method status="PASS" signature="initServlet()[pri:0, instance:org.openrefine.wikidata.schema.WikibaseSchemaTest@2cd76f31]" name="initServlet" is-config="true" duration-ms="0" started-at="2020-01-06T13:28:42Z" finished-at="2020-01-06T13:28:42Z">
          <reporter-output>
          </reporter-output>
        </test-method> <!-- initServlet -->
        <test-method status="PASS" signature="testSerialize()[pri:0, instance:org.openrefine.wikidata.schema.WikibaseSchemaTest@2cd76f31]" name="testSerialize" duration-ms="10" started-at="2020-01-06T13:28:42Z" finished-at="2020-01-06T13:28:42Z">
          <reporter-output>
          </reporter-output>
        </test-method> <!-- testSerialize -->
      </class> <!-- org.openrefine.wikidata.schema.WikibaseSchemaTest -->
      <class name="org.openrefine.wikidata.schema.WbLanguageVariableTest">
        <test-method status="PASS" signature="initServlet()[pri:0, instance:org.openrefine.wikidata.schema.WbLanguageVariableTest@367ffa75]" name="initServlet" is-config="true" duration-ms="0" started-at="2020-01-06T13:28:46Z" finished-at="2020-01-06T13:28:46Z">
          <reporter-output>
          </reporter-output>
        </test-method> <!-- initServlet -->
        <test-method status="PASS" signature="createProject()[pri:0, instance:org.openrefine.wikidata.schema.WbLanguageVariableTest@367ffa75]" name="createProject" is-config="true" duration-ms="4" started-at="2020-01-06T13:28:46Z" finished-at="2020-01-06T13:28:46Z">
          <reporter-output>
          </reporter-output>
        </test-method> <!-- createProject -->
        <test-method status="PASS" signature="testInvalidLanguageCode()[pri:0, instance:org.openrefine.wikidata.schema.WbLanguageVariableTest@367ffa75]" name="testInvalidLanguageCode" duration-ms="1" started-at="2020-01-06T13:28:46Z" finished-at="2020-01-06T13:28:46Z">
          <reporter-output>
          </reporter-output>
        </test-method> <!-- testInvalidLanguageCode -->
        <test-method status="PASS" signature="setupVariable()[pri:0, instance:org.openrefine.wikidata.schema.WbLanguageVariableTest@367ffa75]" name="setupVariable" is-config="true" duration-ms="0" started-at="2020-01-06T13:28:46Z" finished-at="2020-01-06T13:28:46Z">
          <reporter-output>
          </reporter-output>
        </test-method> <!-- setupVariable -->
        <test-method status="PASS" signature="initServlet()[pri:0, instance:org.openrefine.wikidata.schema.WbLanguageVariableTest@367ffa75]" name="initServlet" is-config="true" duration-ms="1" started-at="2020-01-06T13:28:46Z" finished-at="2020-01-06T13:28:46Z">
          <reporter-output>
          </reporter-output>
        </test-method> <!-- initServlet -->
        <test-method status="PASS" signature="createProject()[pri:0, instance:org.openrefine.wikidata.schema.WbLanguageVariableTest@367ffa75]" name="createProject" is-config="true" duration-ms="3" started-at="2020-01-06T13:28:46Z" finished-at="2020-01-06T13:28:46Z">
          <reporter-output>
          </reporter-output>
        </test-method> <!-- createProject -->
        <test-method status="PASS" signature="testSerialize()[pri:0, instance:org.openrefine.wikidata.schema.WbLanguageVariableTest@367ffa75]" name="testSerialize" duration-ms="9" started-at="2020-01-06T13:28:46Z" finished-at="2020-01-06T13:28:46Z">
          <reporter-output>
          </reporter-output>
        </test-method> <!-- testSerialize -->
        <test-method status="PASS" signature="setupVariable()[pri:0, instance:org.openrefine.wikidata.schema.WbLanguageVariableTest@367ffa75]" name="setupVariable" is-config="true" duration-ms="0" started-at="2020-01-06T13:28:46Z" finished-at="2020-01-06T13:28:46Z">
          <reporter-output>
          </reporter-output>
        </test-method> <!-- setupVariable -->
        <test-method status="PASS" signature="initServlet()[pri:0, instance:org.openrefine.wikidata.schema.WbLanguageVariableTest@367ffa75]" name="initServlet" is-config="true" duration-ms="5" started-at="2020-01-06T13:28:46Z" finished-at="2020-01-06T13:28:46Z">
          <reporter-output>
          </reporter-output>
        </test-method> <!-- initServlet -->
        <test-method status="PASS" signature="createProject()[pri:0, instance:org.openrefine.wikidata.schema.WbLanguageVariableTest@367ffa75]" name="createProject" is-config="true" duration-ms="2" started-at="2020-01-06T13:28:46Z" finished-at="2020-01-06T13:28:46Z">
          <reporter-output>
          </reporter-output>
        </test-method> <!-- createProject -->
        <test-method status="PASS" signature="testValidLanguageCode()[pri:0, instance:org.openrefine.wikidata.schema.WbLanguageVariableTest@367ffa75]" name="testValidLanguageCode" duration-ms="1" started-at="2020-01-06T13:28:46Z" finished-at="2020-01-06T13:28:46Z">
          <reporter-output>
          </reporter-output>
        </test-method> <!-- testValidLanguageCode -->
        <test-method status="PASS" signature="setupVariable()[pri:0, instance:org.openrefine.wikidata.schema.WbLanguageVariableTest@367ffa75]" name="setupVariable" is-config="true" duration-ms="0" started-at="2020-01-06T13:28:46Z" finished-at="2020-01-06T13:28:46Z">
          <reporter-output>
          </reporter-output>
        </test-method> <!-- setupVariable -->
      </class> <!-- org.openrefine.wikidata.schema.WbLanguageVariableTest -->
      <class name="org.openrefine.wikidata.schema.WbLanguageConstantTest">
        <test-method status="PASS" signature="initServlet()[pri:0, instance:org.openrefine.wikidata.schema.WbLanguageConstantTest@49438269]" name="initServlet" is-config="true" duration-ms="35" started-at="2020-01-06T13:28:39Z" finished-at="2020-01-06T13:28:39Z">
          <reporter-output>
          </reporter-output>
        </test-method> <!-- initServlet -->
        <test-method status="PASS" signature="createProject()[pri:0, instance:org.openrefine.wikidata.schema.WbLanguageConstantTest@49438269]" name="createProject" is-config="true" duration-ms="1401" started-at="2020-01-06T13:28:39Z" finished-at="2020-01-06T13:28:41Z">
          <reporter-output>
          </reporter-output>
        </test-method> <!-- createProject -->
        <test-method status="PASS" signature="testEvaluation()[pri:0, instance:org.openrefine.wikidata.schema.WbLanguageConstantTest@49438269]" name="testEvaluation" duration-ms="1" started-at="2020-01-06T13:28:41Z" finished-at="2020-01-06T13:28:41Z">
          <reporter-output>
          </reporter-output>
        </test-method> <!-- testEvaluation -->
        <test-method status="PASS" signature="createProject()[pri:0, instance:org.openrefine.wikidata.schema.WbLanguageConstantTest@49438269]" name="createProject" is-config="true" duration-ms="7" started-at="2020-01-06T13:28:41Z" finished-at="2020-01-06T13:28:41Z">
          <reporter-output>
          </reporter-output>
        </test-method> <!-- createProject -->
        <test-method status="PASS" signature="initServlet()[pri:0, instance:org.openrefine.wikidata.schema.WbLanguageConstantTest@49438269]" name="initServlet" is-config="true" duration-ms="0" started-at="2020-01-06T13:28:41Z" finished-at="2020-01-06T13:28:41Z">
          <reporter-output>
          </reporter-output>
        </test-method> <!-- initServlet -->
        <test-method status="PASS" signature="testNormalizeLanguageCode()[pri:0, instance:org.openrefine.wikidata.schema.WbLanguageConstantTest@49438269]" name="testNormalizeLanguageCode" duration-ms="1" started-at="2020-01-06T13:28:41Z" finished-at="2020-01-06T13:28:41Z">
          <reporter-output>
          </reporter-output>
        </test-method> <!-- testNormalizeLanguageCode -->
        <test-method status="PASS" signature="initServlet()[pri:0, instance:org.openrefine.wikidata.schema.WbLanguageConstantTest@49438269]" name="initServlet" is-config="true" duration-ms="1" started-at="2020-01-06T13:28:41Z" finished-at="2020-01-06T13:28:41Z">
          <reporter-output>
          </reporter-output>
        </test-method> <!-- initServlet -->
        <test-method status="PASS" signature="createProject()[pri:0, instance:org.openrefine.wikidata.schema.WbLanguageConstantTest@49438269]" name="createProject" is-config="true" duration-ms="7" started-at="2020-01-06T13:28:41Z" finished-at="2020-01-06T13:28:41Z">
          <reporter-output>
          </reporter-output>
        </test-method> <!-- createProject -->
        <test-method status="PASS" signature="testSerialization()[pri:0, instance:org.openrefine.wikidata.schema.WbLanguageConstantTest@49438269]" name="testSerialization" duration-ms="32" started-at="2020-01-06T13:28:41Z" finished-at="2020-01-06T13:28:41Z">
          <reporter-output>
          </reporter-output>
        </test-method> <!-- testSerialization -->
      </class> <!-- org.openrefine.wikidata.schema.WbLanguageConstantTest -->
      <class name="org.openrefine.wikidata.schema.WbItemDocumentExprTest">
        <test-method status="PASS" signature="createProject()[pri:0, instance:org.openrefine.wikidata.schema.WbItemDocumentExprTest@ba2f4ec]" name="createProject" is-config="true" duration-ms="3" started-at="2020-01-06T13:28:41Z" finished-at="2020-01-06T13:28:41Z">
          <reporter-output>
          </reporter-output>
        </test-method> <!-- createProject -->
        <test-method status="PASS" signature="initServlet()[pri:0, instance:org.openrefine.wikidata.schema.WbItemDocumentExprTest@ba2f4ec]" name="initServlet" is-config="true" duration-ms="0" started-at="2020-01-06T13:28:41Z" finished-at="2020-01-06T13:28:41Z">
          <reporter-output>
          </reporter-output>
        </test-method> <!-- initServlet -->
        <test-method status="PASS" signature="testAliasSkipped()[pri:0, instance:org.openrefine.wikidata.schema.WbItemDocumentExprTest@ba2f4ec]" name="testAliasSkipped" duration-ms="5" started-at="2020-01-06T13:28:41Z" finished-at="2020-01-06T13:28:41Z">
          <reporter-output>
          </reporter-output>
        </test-method> <!-- testAliasSkipped -->
        <test-method status="PASS" signature="initServlet()[pri:0, instance:org.openrefine.wikidata.schema.WbItemDocumentExprTest@ba2f4ec]" name="initServlet" is-config="true" duration-ms="0" started-at="2020-01-06T13:28:41Z" finished-at="2020-01-06T13:28:41Z">
          <reporter-output>
          </reporter-output>
        </test-method> <!-- initServlet -->
        <test-method status="PASS" signature="createProject()[pri:0, instance:org.openrefine.wikidata.schema.WbItemDocumentExprTest@ba2f4ec]" name="createProject" is-config="true" duration-ms="3" started-at="2020-01-06T13:28:41Z" finished-at="2020-01-06T13:28:41Z">
          <reporter-output>
          </reporter-output>
        </test-method> <!-- createProject -->
        <test-method status="PASS" signature="testEvaluate()[pri:0, instance:org.openrefine.wikidata.schema.WbItemDocumentExprTest@ba2f4ec]" name="testEvaluate" duration-ms="4" started-at="2020-01-06T13:28:41Z" finished-at="2020-01-06T13:28:41Z">
          <reporter-output>
          </reporter-output>
        </test-method> <!-- testEvaluate -->
        <test-method status="PASS" signature="initServlet()[pri:0, instance:org.openrefine.wikidata.schema.WbItemDocumentExprTest@ba2f4ec]" name="initServlet" is-config="true" duration-ms="7" started-at="2020-01-06T13:28:41Z" finished-at="2020-01-06T13:28:41Z">
          <reporter-output>
          </reporter-output>
        </test-method> <!-- initServlet -->
[...]
        <test-method status="PASS" signature="createProject()[pri:0, instance:org.openrefine.wikidata.schema.WbStringVariableTest@77f1baf5]" name="createProject" is-config="true" duration-ms="3" started-at="2020-01-06T13:28:46Z" finished-at="2020-01-06T13:28:46Z">
          <reporter-output>
          </reporter-output>
        </test-method> <!-- createProject -->
        <test-method status="PASS" signature="testDoubleInteger()[pri:0, instance:org.openrefine.wikidata.schema.WbStringVariableTest@77f1baf5]" name="testDoubleInteger" duration-ms="1" started-at="2020-01-06T13:28:46Z" finished-at="2020-01-06T13:28:46Z">
          <reporter-output>
          </reporter-output>
        </test-method> <!-- testDoubleInteger -->
        <test-method status="PASS" signature="setupVariable()[pri:0, instance:org.openrefine.wikidata.schema.WbStringVariableTest@77f1baf5]" name="setupVariable" is-config="true" duration-ms="0" started-at="2020-01-06T13:28:46Z" finished-at="2020-01-06T13:28:46Z">
          <reporter-output>
          </reporter-output>
        </test-method> <!-- setupVariable -->
        <test-method status="PASS" signature="initServlet()[pri:0, instance:org.openrefine.wikidata.schema.WbStringVariableTest@77f1baf5]" name="initServlet" is-config="true" duration-ms="9" started-at="2020-01-06T13:28:46Z" finished-at="2020-01-06T13:28:46Z">
          <reporter-output>
          </reporter-output>
        </test-method> <!-- initServlet -->
        <test-method status="PASS" signature="createProject()[pri:0, instance:org.openrefine.wikidata.schema.WbStringVariableTest@77f1baf5]" name="createProject" is-config="true" duration-ms="3" started-at="2020-01-06T13:28:46Z" finished-at="2020-01-06T13:28:46Z">
          <reporter-output>
          </reporter-output>
        </test-method> <!-- createProject -->
        <test-method status="PASS" signature="setupVariable()[pri:0, instance:org.openrefine.wikidata.schema.WbStringVariableTest@77f1baf5]" name="setupVariable" is-config="true" duration-ms="0" started-at="2020-01-06T13:28:46Z" finished-at="2020-01-06T13:28:46Z">
          <reporter-output>
          </reporter-output>
        </test-method> <!-- setupVariable -->
        <test-method status="PASS" signature="testDoubleWhitespace()[pri:0, instance:org.openrefine.wikidata.schema.WbStringVariableTest@77f1baf5]" name="testDoubleWhitespace" duration-ms="1" started-at="2020-01-06T13:28:46Z" finished-at="2020-01-06T13:28:46Z">
          <reporter-output>
          </reporter-output>
        </test-method> <!-- testDoubleWhitespace -->
        <test-method status="PASS" signature="initServlet()[pri:0, instance:org.openrefine.wikidata.schema.WbStringVariableTest@77f1baf5]" name="initServlet" is-config="true" duration-ms="6" started-at="2020-01-06T13:28:46Z" finished-at="2020-01-06T13:28:46Z">
          <reporter-output>
          </reporter-output>
        </test-method> <!-- initServlet -->
        <test-method status="PASS" signature="createProject()[pri:0, instance:org.openrefine.wikidata.schema.WbStringVariableTest@77f1baf5]" name="createProject" is-config="true" duration-ms="3" started-at="2020-01-06T13:28:46Z" finished-at="2020-01-06T13:28:46Z">
          <reporter-output>
          </reporter-output>
        </test-method> <!-- createProject -->
        <test-method status="PASS" signature="testEmpty()[pri:0, instance:org.openrefine.wikidata.schema.WbStringVariableTest@77f1baf5]" name="testEmpty" duration-ms="1" started-at="2020-01-06T13:28:46Z" finished-at="2020-01-06T13:28:46Z">
          <reporter-output>
          </reporter-output>
        </test-method> <!-- testEmpty -->
        <test-method status="PASS" signature="setupVariable()[pri:0, instance:org.openrefine.wikidata.schema.WbStringVariableTest@77f1baf5]" name="setupVariable" is-config="true" duration-ms="0" started-at="2020-01-06T13:28:46Z" finished-at="2020-01-06T13:28:46Z">
          <reporter-output>
          </reporter-output>
        </test-method> <!-- setupVariable -->
        <test-method status="PASS" signature="initServlet()[pri:0, instance:org.openrefine.wikidata.schema.WbStringVariableTest@77f1baf5]" name="initServlet" is-config="true" duration-ms="6" started-at="2020-01-06T13:28:46Z" finished-at="2020-01-06T13:28:46Z">
          <reporter-output>
          </reporter-output>
        </test-method> <!-- initServlet -->
        <test-method status="PASS" signature="createProject()[pri:0, instance:org.openrefine.wikidata.schema.WbStringVariableTest@77f1baf5]" name="createProject" is-config="true" duration-ms="3" started-at="2020-01-06T13:28:46Z" finished-at="2020-01-06T13:28:46Z">
          <reporter-output>
          </reporter-output>
        </test-method> <!-- createProject -->
        <test-method status="PASS" signature="setupVariable()[pri:0, instance:org.openrefine.wikidata.schema.WbStringVariableTest@77f1baf5]" name="setupVariable" is-config="true" duration-ms="0" started-at="2020-01-06T13:28:46Z" finished-at="2020-01-06T13:28:46Z">
          <reporter-output>
          </reporter-output>
        </test-method> <!-- setupVariable -->
        <test-method status="PASS" signature="testInteger()[pri:0, instance:org.openrefine.wikidata.schema.WbStringVariableTest@77f1baf5]" name="testInteger" duration-ms="1" started-at="2020-01-06T13:28:46Z" finished-at="2020-01-06T13:28:46Z">
          <reporter-output>
          </reporter-output>
        </test-method> <!-- testInteger -->
        <test-method status="PASS" signature="initServlet()[pri:0, instance:org.openrefine.wikidata.schema.WbStringVariableTest@77f1baf5]" name="initServlet" is-config="true" duration-ms="11" started-at="2020-01-06T13:28:46Z" finished-at="2020-01-06T13:28:46Z">
          <reporter-output>
          </reporter-output>
        </test-method> <!-- initServlet -->
        <test-method status="PASS" signature="createProject()[pri:0, instance:org.openrefine.wikidata.schema.WbStringVariableTest@77f1baf5]" name="createProject" is-config="true" duration-ms="4" started-at="2020-01-06T13:28:46Z" finished-at="2020-01-06T13:28:46Z">
          <reporter-output>
          </reporter-output>
        </test-method> <!-- createProject -->
        <test-method status="PASS" signature="setupVariable()[pri:0, instance:org.openrefine.wikidata.schema.WbStringVariableTest@77f1baf5]" name="setupVariable" is-config="true" duration-ms="1" started-at="2020-01-06T13:28:46Z" finished-at="2020-01-06T13:28:46Z">
          <reporter-output>
          </reporter-output>
        </test-method> <!-- setupVariable -->
        <test-method status="PASS" signature="testLargeDouble()[pri:0, instance:org.openrefine.wikidata.schema.WbStringVariableTest@77f1baf5]" name="testLargeDouble" duration-ms="0" started-at="2020-01-06T13:28:46Z" finished-at="2020-01-06T13:28:46Z">
          <reporter-output>
          </reporter-output>
        </test-method> <!-- testLargeDouble -->
        <test-method status="PASS" signature="initServlet()[pri:0, instance:org.openrefine.wikidata.schema.WbStringVariableTest@77f1baf5]" name="initServlet" is-config="true" duration-ms="10" started-at="2020-01-06T13:28:46Z" finished-at="2020-01-06T13:28:46Z">
          <reporter-output>
          </reporter-output>
        </test-method> <!-- initServlet -->
        <test-method status="PASS" signature="createProject()[pri:0, instance:org.openrefine.wikidata.schema.WbStringVariableTest@77f1baf5]" name="createProject" is-config="true" duration-ms="8" started-at="2020-01-06T13:28:46Z" finished-at="2020-01-06T13:28:46Z">
          <reporter-output>
          </reporter-output>
        </test-method> <!-- createProject -->
        <test-method status="PASS" signature="setupVariable()[pri:0, instance:org.openrefine.wikidata.schema.WbStringVariableTest@77f1baf5]" name="setupVariable" is-config="true" duration-ms="2" started-at="2020-01-06T13:28:46Z" finished-at="2020-01-06T13:28:46Z">
          <reporter-output>
          </reporter-output>
        </test-method> <!-- setupVariable -->
        <test-method status="PASS" signature="testLeadingWhitespace()[pri:0, instance:org.openrefine.wikidata.schema.WbStringVariableTest@77f1baf5]" name="testLeadingWhitespace" duration-ms="8" started-at="2020-01-06T13:28:46Z" finished-at="2020-01-06T13:28:46Z">
          <reporter-output>
          </reporter-output>
        </test-method> <!-- testLeadingWhitespace -->
        <test-method status="PASS" signature="initServlet()[pri:0, instance:org.openrefine.wikidata.schema.WbStringVariableTest@77f1baf5]" name="initServlet" is-config="true" duration-ms="3" started-at="2020-01-06T13:28:46Z" finished-at="2020-01-06T13:28:46Z">
          <reporter-output>
          </reporter-output>
        </test-method> <!-- initServlet -->
        <test-method status="PASS" signature="createProject()[pri:0, instance:org.openrefine.wikidata.schema.WbStringVariableTest@77f1baf5]" name="createProject" is-config="true" duration-ms="3" started-at="2020-01-06T13:28:46Z" finished-at="2020-01-06T13:28:46Z">
          <reporter-output>
          </reporter-output>
        </test-method> <!-- createProject -->
        <test-method status="PASS" signature="setupVariable()[pri:0, instance:org.openrefine.wikidata.schema.WbStringVariableTest@77f1baf5]" name="setupVariable" is-config="true" duration-ms="0" started-at="2020-01-06T13:28:46Z" finished-at="2020-01-06T13:28:46Z">
          <reporter-output>
          </reporter-output>
        </test-method> <!-- setupVariable -->
        <test-method status="PASS" signature="testLong()[pri:0, instance:org.openrefine.wikidata.schema.WbStringVariableTest@77f1baf5]" name="testLong" duration-ms="1" started-at="2020-01-06T13:28:46Z" finished-at="2020-01-06T13:28:46Z">
          <reporter-output>
          </reporter-output>
        </test-method> <!-- testLong -->
        <test-method status="PASS" signature="initServlet()[pri:0, instance:org.openrefine.wikidata.schema.WbStringVariableTest@77f1baf5]" name="initServlet" is-config="true" duration-ms="2" started-at="2020-01-06T13:28:46Z" finished-at="2020-01-06T13:28:46Z">
          <reporter-output>
          </reporter-output>
        </test-method> <!-- initServlet -->
        <test-method status="PASS" signature="createProject()[pri:0, instance:org.openrefine.wikidata.schema.WbStringVariableTest@77f1baf5]" name="createProject" is-config="true" duration-ms="3" started-at="2020-01-06T13:28:46Z" finished-at="2020-01-06T13:28:46Z">
          <reporter-output>
          </reporter-output>
        </test-method> <!-- createProject -->
        <test-method status="PASS" signature="testSimpleString()[pri:0, instance:org.openrefine.wikidata.schema.WbStringVariableTest@77f1baf5]" name="testSimpleString" duration-ms="1" started-at="2020-01-06T13:28:46Z" finished-at="2020-01-06T13:28:46Z">
          <reporter-output>
          </reporter-output>
        </test-method> <!-- testSimpleString -->
        <test-method status="PASS" signature="setupVariable()[pri:0, instance:org.openrefine.wikidata.schema.WbStringVariableTest@77f1baf5]" name="setupVariable" is-config="true" duration-ms="0" started-at="2020-01-06T13:28:46Z" finished-at="2020-01-06T13:28:46Z">
          <reporter-output>
          </reporter-output>
        </test-method> <!-- setupVariable -->
        <test-method status="PASS" signature="createProject()[pri:0, instance:org.openrefine.wikidata.schema.WbStringVariableTest@77f1baf5]" name="createProject" is-config="true" duration-ms="3" started-at="2020-01-06T13:28:46Z" finished-at="2020-01-06T13:28:47Z">
          <reporter-output>
          </reporter-output>
        </test-method> <!-- createProject -->
        <test-method status="PASS" signature="initServlet()[pri:0, instance:org.openrefine.wikidata.schema.WbStringVariableTest@77f1baf5]" name="initServlet" is-config="true" duration-ms="0" started-at="2020-01-06T13:28:46Z" finished-at="2020-01-06T13:28:46Z">
          <reporter-output>
          </reporter-output>
        </test-method> <!-- initServlet -->
        <test-method status="PASS" signature="setupVariable()[pri:0, instance:org.openrefine.wikidata.schema.WbStringVariableTest@77f1baf5]" name="setupVariable" is-config="true" duration-ms="0" started-at="2020-01-06T13:28:47Z" finished-at="2020-01-06T13:28:47Z">
          <reporter-output>
          </reporter-output>
        </test-method> <!-- setupVariable -->
        <test-method status="PASS" signature="testTrailingWhitespace()[pri:0, instance:org.openrefine.wikidata.schema.WbStringVariableTest@77f1baf5]" name="testTrailingWhitespace" duration-ms="1" started-at="2020-01-06T13:28:47Z" finished-at="2020-01-06T13:28:47Z">
          <reporter-output>
          </reporter-output>
        </test-method> <!-- testTrailingWhitespace -->
      </class> <!-- org.openrefine.wikidata.schema.WbStringVariableTest -->
      <class name="org.openrefine.wikidata.schema.WbSnakExprTest">
        <test-method status="PASS" signature="initServlet()[pri:0, instance:org.openrefine.wikidata.schema.WbSnakExprTest@41a2befb]" name="initServlet" is-config="true" duration-ms="7" started-at="2020-01-06T13:28:47Z" finished-at="2020-01-06T13:28:47Z">
          <reporter-output>
          </reporter-output>
        </test-method> <!-- initServlet -->
        <test-method status="PASS" signature="createProject()[pri:0, instance:org.openrefine.wikidata.schema.WbSnakExprTest@41a2befb]" name="createProject" is-config="true" duration-ms="2" started-at="2020-01-06T13:28:47Z" finished-at="2020-01-06T13:28:47Z">
          <reporter-output>
          </reporter-output>
        </test-method> <!-- createProject -->
        <test-method status="PASS" signature="testEvaluate()[pri:0, instance:org.openrefine.wikidata.schema.WbSnakExprTest@41a2befb]" name="testEvaluate" duration-ms="1" started-at="2020-01-06T13:28:47Z" finished-at="2020-01-06T13:28:47Z">
          <reporter-output>
          </reporter-output>
        </test-method> <!-- testEvaluate -->
        <test-method status="PASS" signature="initServlet()[pri:0, instance:org.openrefine.wikidata.schema.WbSnakExprTest@41a2befb]" name="initServlet" is-config="true" duration-ms="1" started-at="2020-01-06T13:28:47Z" finished-at="2020-01-06T13:28:47Z">
          <reporter-output>
          </reporter-output>
        </test-method> <!-- initServlet -->
        <test-method status="PASS" signature="createProject()[pri:0, instance:org.openrefine.wikidata.schema.WbSnakExprTest@41a2befb]" name="createProject" is-config="true" duration-ms="2" started-at="2020-01-06T13:28:47Z" finished-at="2020-01-06T13:28:47Z">
          <reporter-output>
          </reporter-output>
        </test-method> <!-- createProject -->
        <test-method status="PASS" signature="testSerialize()[pri:0, instance:org.openrefine.wikidata.schema.WbSnakExprTest@41a2befb]" name="testSerialize" duration-ms="2" started-at="2020-01-06T13:28:47Z" finished-at="2020-01-06T13:28:47Z">
          <reporter-output>
          </reporter-output>
        </test-method> <!-- testSerialize -->
      </class> <!-- org.openrefine.wikidata.schema.WbSnakExprTest -->
      <class name="org.openrefine.wikidata.qa.scrutinizers.EntityTypeScrutinizerTest">
        <test-method status="PASS" signature="setUp()[pri:0, instance:org.openrefine.wikidata.qa.scrutinizers.EntityTypeScrutinizerTest@6c40365c]" name="setUp" is-config="true" duration-ms="0" started-at="2020-01-06T13:28:47Z" finished-at="2020-01-06T13:28:47Z">
          <reporter-output>
          </reporter-output>
        </test-method> <!-- setUp -->
        <test-method status="PASS" signature="testAllowed()[pri:0, instance:org.openrefine.wikidata.qa.scrutinizers.EntityTypeScrutinizerTest@6c40365c]" name="testAllowed" duration-ms="1" started-at="2020-01-06T13:28:47Z" finished-at="2020-01-06T13:28:47Z">
          <reporter-output>
          </reporter-output>
        </test-method> <!-- testAllowed -->
        <test-method status="PASS" signature="setUp()[pri:0, instance:org.openrefine.wikidata.qa.scrutinizers.EntityTypeScrutinizerTest@6c40365c]" name="setUp" is-config="true" duration-ms="0" started-at="2020-01-06T13:28:47Z" finished-at="2020-01-06T13:28:47Z">
          <reporter-output>
          </reporter-output>
        </test-method> <!-- setUp -->
        <test-method status="PASS" signature="testDisallowed()[pri:0, instance:org.openrefine.wikidata.qa.scrutinizers.EntityTypeScrutinizerTest@6c40365c]" name="testDisallowed" duration-ms="1" started-at="2020-01-06T13:28:47Z" finished-at="2020-01-06T13:28:47Z">
          <reporter-output>
          </reporter-output>
        </test-method> <!-- testDisallowed -->
      </class> <!-- org.openrefine.wikidata.qa.scrutinizers.EntityTypeScrutinizerTest -->
      <class name="org.openrefine.wikidata.qa.scrutinizers.CalendarScrutinizerTest">
        <test-method status="PASS" signature="setUp()[pri:0, instance:org.openrefine.wikidata.qa.scrutinizers.CalendarScrutinizerTest@7bedc48a]" name="setUp" is-config="true" duration-ms="1" started-at="2020-01-06T13:28:47Z" finished-at="2020-01-06T13:28:47Z">
          <reporter-output>
          </reporter-output>
        </test-method> <!-- setUp -->
        <test-method status="PASS" signature="testScrutinizeCloseValue()[pri:0, instance:org.openrefine.wikidata.qa.scrutinizers.CalendarScrutinizerTest@7bedc48a]" name="testScrutinizeCloseValue" duration-ms="1" started-at="2020-01-06T13:28:47Z" finished-at="2020-01-06T13:28:47Z">
          <reporter-output>
          </reporter-output>
        </test-method> <!-- testScrutinizeCloseValue -->
        <test-method status="PASS" signature="testScrutinizeEarlyDay()[pri:0, instance:org.openrefine.wikidata.qa.scrutinizers.CalendarScrutinizerTest@7bedc48a]" name="testScrutinizeEarlyDay" duration-ms="5" started-at="2020-01-06T13:28:47Z" finished-at="2020-01-06T13:28:47Z">
          <reporter-output>
          </reporter-output>
        </test-method> <!-- testScrutinizeEarlyDay -->
        <test-method status="PASS" signature="setUp()[pri:0, instance:org.openrefine.wikidata.qa.scrutinizers.CalendarScrutinizerTest@7bedc48a]" name="setUp" is-config="true" duration-ms="0" started-at="2020-01-06T13:28:47Z" finished-at="2020-01-06T13:28:47Z">
          <reporter-output>
          </reporter-output>
        </test-method> <!-- setUp -->
        <test-method status="PASS" signature="testScrutinizeEarlyYear()[pri:0, instance:org.openrefine.wikidata.qa.scrutinizers.CalendarScrutinizerTest@7bedc48a]" name="testScrutinizeEarlyYear" duration-ms="3" started-at="2020-01-06T13:28:47Z" finished-at="2020-01-06T13:28:47Z">
          <reporter-output>
          </reporter-output>
        </test-method> <!-- testScrutinizeEarlyYear -->
        <test-method status="PASS" signature="setUp()[pri:0, instance:org.openrefine.wikidata.qa.scrutinizers.CalendarScrutinizerTest@7bedc48a]" name="setUp" is-config="true" duration-ms="0" started-at="2020-01-06T13:28:47Z" finished-at="2020-01-06T13:28:47Z">
          <reporter-output>
          </reporter-output>
        </test-method> <!-- setUp -->
        <test-method status="PASS" signature="testScrutinizeRecentValue()[pri:0, instance:org.openrefine.wikidata.qa.scrutinizers.CalendarScrutinizerTest@7bedc48a]" name="testScrutinizeRecentValue" duration-ms="1" started-at="2020-01-06T13:28:47Z" finished-at="2020-01-06T13:28:47Z">
          <reporter-output>
          </reporter-output>
        </test-method> <!-- testScrutinizeRecentValue -->
        <test-method status="PASS" signature="setUp()[pri:0, instance:org.openrefine.wikidata.qa.scrutinizers.CalendarScrutinizerTest@7bedc48a]" name="setUp" is-config="true" duration-ms="0" started-at="2020-01-06T13:28:47Z" finished-at="2020-01-06T13:28:47Z">
          <reporter-output>
          </reporter-output>
        </test-method> <!-- setUp -->
      </class> <!-- org.openrefine.wikidata.qa.scrutinizers.CalendarScrutinizerTest -->
    </test> <!-- Default test -->
  </suite> <!-- Default suite -->
</testng-results>
